2021-07-27 09:46:05,967 [INFO] Running with parallel
2021-07-27 09:46:06,265 [ERROR] Unable to retrieve routing information
2021-07-27 09:46:06,266 [ERROR] Unable to retrieve routing information
2021-07-27 09:47:35,867 [INFO] Running with parallel
2021-07-27 09:47:36,311 [INFO] Finished 'run_cypher' with qry#1 in 0.4440 secs.
2021-07-27 09:47:36,712 [INFO] Finished 'run_cypher' with qry#1 in 0.3933 secs.
2021-07-27 09:47:37,091 [INFO] Finished 'run_cypher' with qry#1 in 0.3745 secs.
2021-07-27 09:47:37,479 [INFO] Finished 'run_cypher' with qry#1 in 0.3817 secs.
2021-07-27 09:47:37,867 [INFO] Finished 'run_cypher' with qry#1 in 0.3834 secs.
2021-07-27 09:47:38,256 [INFO] Finished 'run_cypher' with qry#1 in 0.3840 secs.
2021-07-27 09:47:38,650 [INFO] Finished 'run_cypher' with qry#1 in 0.3881 secs.
2021-07-27 09:47:39,037 [INFO] Finished 'run_cypher' with qry#1 in 0.3815 secs.
2021-07-27 09:47:39,433 [INFO] Finished 'run_cypher' with qry#1 in 0.3913 secs.
2021-07-27 09:47:39,856 [INFO] Finished 'run_cypher' with qry#1 in 0.4173 secs.
2021-07-27 09:47:39,921 [INFO] Finished 'main' with 'NO ARGS' in 4.4691 secs.
2021-07-27 09:48:01,420 [INFO] Running with parallel
2021-07-27 09:48:01,847 [INFO] Finished 'run_cypher' with qry#1 in 0.4262 secs.
2021-07-27 09:48:02,246 [INFO] Finished 'run_cypher' with qry#1 in 0.3919 secs.
2021-07-27 09:48:02,634 [INFO] Finished 'run_cypher' with qry#1 in 0.3826 secs.
2021-07-27 09:48:03,028 [INFO] Finished 'run_cypher' with qry#1 in 0.3898 secs.
2021-07-27 09:48:03,434 [INFO] Finished 'run_cypher' with qry#1 in 0.4007 secs.
2021-07-27 09:48:03,825 [INFO] Finished 'run_cypher' with qry#1 in 0.3859 secs.
2021-07-27 09:48:04,210 [INFO] Finished 'run_cypher' with qry#1 in 0.3799 secs.
2021-07-27 09:48:04,598 [INFO] Finished 'run_cypher' with qry#1 in 0.3825 secs.
2021-07-27 09:48:05,205 [INFO] Finished 'run_cypher' with qry#1 in 0.6021 secs.
2021-07-27 09:48:05,604 [INFO] Finished 'run_cypher' with qry#1 in 0.3941 secs.
2021-07-27 09:48:05,666 [INFO] Finished 'main' with 'NO ARGS' in 4.6549 secs.
2021-07-27 10:13:15,210 [INFO] Running with parallel
2021-07-27 10:13:17,992 [INFO] Finished 'run_cypher' with qry#1 in 2.7821 secs.
2021-07-27 10:13:18,396 [INFO] Finished 'run_cypher' with qry#1 in 0.3968 secs.
2021-07-27 10:13:18,791 [INFO] Finished 'run_cypher' with qry#1 in 0.3895 secs.
2021-07-27 10:13:19,178 [INFO] Finished 'run_cypher' with qry#1 in 0.3808 secs.
2021-07-27 10:13:19,574 [INFO] Finished 'run_cypher' with qry#1 in 0.3914 secs.
2021-07-27 10:13:19,971 [INFO] Finished 'run_cypher' with qry#1 in 0.3913 secs.
2021-07-27 10:13:20,367 [INFO] Finished 'run_cypher' with qry#1 in 0.3906 secs.
2021-07-27 10:13:20,760 [INFO] Finished 'run_cypher' with qry#1 in 0.3874 secs.
2021-07-27 10:13:21,157 [INFO] Finished 'run_cypher' with qry#1 in 0.3918 secs.
2021-07-27 10:13:21,561 [INFO] Finished 'run_cypher' with qry#1 in 0.3980 secs.
2021-07-27 10:13:22,002 [INFO] Finished 'run_cypher' with qry#1 in 0.4360 secs.
2021-07-27 10:13:22,384 [INFO] Finished 'run_cypher' with qry#1 in 0.3781 secs.
2021-07-27 10:13:22,791 [INFO] Finished 'run_cypher' with qry#1 in 0.4003 secs.
2021-07-27 10:13:23,196 [INFO] Finished 'run_cypher' with qry#1 in 0.4007 secs.
2021-07-27 10:13:23,585 [INFO] Finished 'run_cypher' with qry#1 in 0.3833 secs.
2021-07-27 10:13:23,973 [INFO] Finished 'run_cypher' with qry#1 in 0.3834 secs.
2021-07-27 10:13:24,362 [INFO] Finished 'run_cypher' with qry#1 in 0.3834 secs.
2021-07-27 10:13:24,760 [INFO] Finished 'run_cypher' with qry#1 in 0.3934 secs.
2021-07-27 10:13:25,140 [INFO] Finished 'run_cypher' with qry#1 in 0.3738 secs.
2021-07-27 10:13:25,534 [INFO] Finished 'run_cypher' with qry#1 in 0.3896 secs.
2021-07-27 10:13:25,918 [INFO] Finished 'run_cypher' with qry#1 in 0.3787 secs.
2021-07-27 10:13:26,310 [INFO] Finished 'run_cypher' with qry#1 in 0.3866 secs.
2021-07-27 10:13:26,684 [INFO] Finished 'run_cypher' with qry#1 in 0.3679 secs.
2021-07-27 10:13:27,083 [INFO] Finished 'run_cypher' with qry#1 in 0.3938 secs.
2021-07-27 10:13:27,480 [INFO] Finished 'run_cypher' with qry#1 in 0.3916 secs.
2021-07-27 10:13:27,870 [INFO] Finished 'run_cypher' with qry#1 in 0.3842 secs.
2021-07-27 10:13:28,276 [INFO] Finished 'run_cypher' with qry#1 in 0.3860 secs.
2021-07-27 10:13:28,673 [INFO] Finished 'run_cypher' with qry#1 in 0.3905 secs.
2021-07-27 10:13:29,066 [INFO] Finished 'run_cypher' with qry#1 in 0.3878 secs.
2021-07-27 10:13:29,447 [INFO] Finished 'run_cypher' with qry#1 in 0.3764 secs.
2021-07-27 10:13:29,850 [INFO] Finished 'run_cypher' with qry#1 in 0.3965 secs.
2021-07-27 10:13:30,239 [INFO] Finished 'run_cypher' with qry#1 in 0.3838 secs.
2021-07-27 10:13:30,639 [INFO] Finished 'run_cypher' with qry#1 in 0.3946 secs.
2021-07-27 10:13:31,026 [INFO] Finished 'run_cypher' with qry#1 in 0.3823 secs.
2021-07-27 10:13:31,417 [INFO] Finished 'run_cypher' with qry#1 in 0.3859 secs.
2021-07-27 10:13:31,806 [INFO] Finished 'run_cypher' with qry#1 in 0.3841 secs.
2021-07-27 10:13:32,195 [INFO] Finished 'run_cypher' with qry#1 in 0.3833 secs.
2021-07-27 10:13:32,587 [INFO] Finished 'run_cypher' with qry#1 in 0.3869 secs.
2021-07-27 10:13:32,970 [INFO] Finished 'run_cypher' with qry#1 in 0.3776 secs.
2021-07-27 10:13:33,357 [INFO] Finished 'run_cypher' with qry#1 in 0.3814 secs.
2021-07-27 10:13:33,757 [INFO] Finished 'run_cypher' with qry#1 in 0.3945 secs.
2021-07-27 10:13:34,137 [INFO] Finished 'run_cypher' with qry#1 in 0.3758 secs.
2021-07-27 10:13:34,516 [INFO] Finished 'run_cypher' with qry#1 in 0.3731 secs.
2021-07-27 10:13:34,897 [INFO] Finished 'run_cypher' with qry#1 in 0.3768 secs.
2021-07-27 10:13:35,287 [INFO] Finished 'run_cypher' with qry#1 in 0.3849 secs.
2021-07-27 10:13:35,685 [INFO] Finished 'run_cypher' with qry#1 in 0.3918 secs.
2021-07-27 10:13:36,075 [INFO] Finished 'run_cypher' with qry#1 in 0.3851 secs.
2021-07-27 10:13:36,469 [INFO] Finished 'run_cypher' with qry#1 in 0.3887 secs.
2021-07-27 10:13:36,860 [INFO] Finished 'run_cypher' with qry#1 in 0.3859 secs.
2021-07-27 10:13:37,248 [INFO] Finished 'run_cypher' with qry#1 in 0.3833 secs.
2021-07-27 10:13:37,628 [INFO] Finished 'run_cypher' with qry#1 in 0.3747 secs.
2021-07-27 10:13:38,025 [INFO] Finished 'run_cypher' with qry#1 in 0.3917 secs.
2021-07-27 10:13:38,406 [INFO] Finished 'run_cypher' with qry#1 in 0.3760 secs.
2021-07-27 10:13:39,811 [INFO] Finished 'run_cypher' with qry#1 in 1.4002 secs.
2021-07-27 10:13:40,205 [INFO] Finished 'run_cypher' with qry#1 in 0.3882 secs.
2021-07-27 10:13:40,577 [INFO] Finished 'run_cypher' with qry#1 in 0.3665 secs.
2021-07-27 10:13:40,968 [INFO] Finished 'run_cypher' with qry#1 in 0.3865 secs.
2021-07-27 10:13:41,358 [INFO] Finished 'run_cypher' with qry#1 in 0.3837 secs.
2021-07-27 10:13:41,741 [INFO] Finished 'run_cypher' with qry#1 in 0.3784 secs.
2021-07-27 10:13:42,137 [INFO] Finished 'run_cypher' with qry#1 in 0.3905 secs.
2021-07-27 10:13:42,518 [INFO] Finished 'run_cypher' with qry#1 in 0.3758 secs.
2021-07-27 10:13:42,903 [INFO] Finished 'run_cypher' with qry#1 in 0.3793 secs.
2021-07-27 10:13:43,286 [INFO] Finished 'run_cypher' with qry#1 in 0.3778 secs.
2021-07-27 10:13:43,676 [INFO] Finished 'run_cypher' with qry#1 in 0.3846 secs.
2021-07-27 10:13:44,066 [INFO] Finished 'run_cypher' with qry#1 in 0.3860 secs.
2021-07-27 10:13:44,443 [INFO] Finished 'run_cypher' with qry#1 in 0.3708 secs.
2021-07-27 10:13:44,846 [INFO] Finished 'run_cypher' with qry#1 in 0.3964 secs.
2021-07-27 10:13:45,229 [INFO] Finished 'run_cypher' with qry#1 in 0.3784 secs.
2021-07-27 10:13:45,611 [INFO] Finished 'run_cypher' with qry#1 in 0.3770 secs.
2021-07-27 10:13:45,999 [INFO] Finished 'run_cypher' with qry#1 in 0.3830 secs.
2021-07-27 10:13:46,396 [INFO] Finished 'run_cypher' with qry#1 in 0.3927 secs.
2021-07-27 10:13:46,790 [INFO] Finished 'run_cypher' with qry#1 in 0.3886 secs.
2021-07-27 10:13:47,183 [INFO] Finished 'run_cypher' with qry#1 in 0.3881 secs.
2021-07-27 10:13:47,568 [INFO] Finished 'run_cypher' with qry#1 in 0.3797 secs.
2021-07-27 10:13:47,957 [INFO] Finished 'run_cypher' with qry#1 in 0.3834 secs.
2021-07-27 10:13:48,344 [INFO] Finished 'run_cypher' with qry#1 in 0.3826 secs.
2021-07-27 10:13:48,734 [INFO] Finished 'run_cypher' with qry#1 in 0.3857 secs.
2021-07-27 10:13:49,114 [INFO] Finished 'run_cypher' with qry#1 in 0.3744 secs.
2021-07-27 10:13:49,507 [INFO] Finished 'run_cypher' with qry#1 in 0.3870 secs.
2021-07-27 10:13:49,890 [INFO] Finished 'run_cypher' with qry#1 in 0.3793 secs.
2021-07-27 10:13:50,279 [INFO] Finished 'run_cypher' with qry#1 in 0.3834 secs.
2021-07-27 10:13:50,664 [INFO] Finished 'run_cypher' with qry#1 in 0.3807 secs.
2021-07-27 10:13:51,052 [INFO] Finished 'run_cypher' with qry#1 in 0.3845 secs.
2021-07-27 10:13:51,436 [INFO] Finished 'run_cypher' with qry#1 in 0.3775 secs.
2021-07-27 10:13:51,829 [INFO] Finished 'run_cypher' with qry#1 in 0.3876 secs.
2021-07-27 10:13:52,231 [INFO] Finished 'run_cypher' with qry#1 in 0.3966 secs.
2021-07-27 10:13:52,615 [INFO] Finished 'run_cypher' with qry#1 in 0.3785 secs.
2021-07-27 10:13:52,997 [INFO] Finished 'run_cypher' with qry#1 in 0.3765 secs.
2021-07-27 10:13:53,377 [INFO] Finished 'run_cypher' with qry#1 in 0.3747 secs.
2021-07-27 10:13:53,776 [INFO] Finished 'run_cypher' with qry#1 in 0.3935 secs.
2021-07-27 10:13:54,164 [INFO] Finished 'run_cypher' with qry#1 in 0.3820 secs.
2021-07-27 10:13:54,558 [INFO] Finished 'run_cypher' with qry#1 in 0.3884 secs.
2021-07-27 10:13:54,931 [INFO] Finished 'run_cypher' with qry#1 in 0.3680 secs.
2021-07-27 10:13:55,311 [INFO] Finished 'run_cypher' with qry#1 in 0.3726 secs.
2021-07-27 10:13:55,693 [INFO] Finished 'run_cypher' with qry#1 in 0.3770 secs.
2021-07-27 10:13:56,082 [INFO] Finished 'run_cypher' with qry#1 in 0.3835 secs.
2021-07-27 10:13:56,469 [INFO] Finished 'run_cypher' with qry#1 in 0.3818 secs.
2021-07-27 10:13:56,865 [INFO] Finished 'run_cypher' with qry#1 in 0.3898 secs.
2021-07-27 10:13:58,263 [INFO] Finished 'run_cypher' with qry#1 in 1.3931 secs.
2021-07-27 10:13:58,654 [INFO] Finished 'run_cypher' with qry#1 in 0.3858 secs.
2021-07-27 10:13:58,718 [INFO] Finished 'main' with 'NO ARGS' in 43.9381 secs.
2021-07-27 10:38:03,224 [INFO] Running with parallel
2021-07-27 10:38:03,841 [INFO] Finished 'run_cypher' with qry#1r in 0.6173 secs.
2021-07-27 10:38:04,240 [INFO] Finished 'run_cypher' with qry#1r in 0.3910 secs.
2021-07-27 10:38:04,625 [INFO] Finished 'run_cypher' with qry#1r in 0.3792 secs.
2021-07-27 10:38:05,019 [INFO] Finished 'run_cypher' with qry#1r in 0.3885 secs.
2021-07-27 10:38:05,406 [INFO] Finished 'run_cypher' with qry#1r in 0.3822 secs.
2021-07-27 10:38:05,786 [INFO] Finished 'run_cypher' with qry#1r in 0.3764 secs.
2021-07-27 10:38:06,183 [INFO] Finished 'run_cypher' with qry#1r in 0.3915 secs.
2021-07-27 10:38:06,562 [INFO] Finished 'run_cypher' with qry#1r in 0.3742 secs.
2021-07-27 10:38:06,961 [INFO] Finished 'run_cypher' with qry#1r in 0.3938 secs.
2021-07-27 10:38:07,338 [INFO] Finished 'run_cypher' with qry#1r in 0.3713 secs.
2021-07-27 10:38:09,330 [INFO] Finished 'run_cypher' with qry#1w in 1.9862 secs.
2021-07-27 10:38:09,731 [INFO] Finished 'run_cypher' with qry#1w in 0.3947 secs.
2021-07-27 10:38:10,117 [INFO] Finished 'run_cypher' with qry#1w in 0.3810 secs.
2021-07-27 10:38:10,513 [INFO] Finished 'run_cypher' with qry#1w in 0.3908 secs.
2021-07-27 10:38:10,924 [INFO] Finished 'run_cypher' with qry#1w in 0.4060 secs.
2021-07-27 10:38:11,317 [INFO] Finished 'run_cypher' with qry#1w in 0.3871 secs.
2021-07-27 10:38:11,701 [INFO] Finished 'run_cypher' with qry#1w in 0.3777 secs.
2021-07-27 10:38:12,089 [INFO] Finished 'run_cypher' with qry#1w in 0.3829 secs.
2021-07-27 10:38:12,473 [INFO] Finished 'run_cypher' with qry#1w in 0.3787 secs.
2021-07-27 10:38:12,855 [INFO] Finished 'run_cypher' with qry#1w in 0.3770 secs.
2021-07-27 10:38:13,618 [INFO] Finished 'run_cypher' with qry#1u in 0.7578 secs.
2021-07-27 10:38:14,012 [INFO] Finished 'run_cypher' with qry#1u in 0.3888 secs.
2021-07-27 10:38:14,396 [INFO] Finished 'run_cypher' with qry#1u in 0.3787 secs.
2021-07-27 10:38:14,794 [INFO] Finished 'run_cypher' with qry#1u in 0.3922 secs.
2021-07-27 10:38:15,176 [INFO] Finished 'run_cypher' with qry#1u in 0.3768 secs.
2021-07-27 10:38:15,568 [INFO] Finished 'run_cypher' with qry#1u in 0.3866 secs.
2021-07-27 10:38:15,957 [INFO] Finished 'run_cypher' with qry#1u in 0.3843 secs.
2021-07-27 10:38:16,562 [INFO] Finished 'run_cypher' with qry#1u in 0.5992 secs.
2021-07-27 10:38:16,944 [INFO] Finished 'run_cypher' with qry#1u in 0.3765 secs.
2021-07-27 10:38:17,347 [INFO] Finished 'run_cypher' with qry#1u in 0.3970 secs.
2021-07-27 10:38:17,879 [INFO] Finished 'run_cypher' with qry#2r in 0.5280 secs.
2021-07-27 10:38:18,271 [INFO] Finished 'run_cypher' with qry#2r in 0.3862 secs.
2021-07-27 10:38:18,660 [INFO] Finished 'run_cypher' with qry#2r in 0.3848 secs.
2021-07-27 10:38:19,061 [INFO] Finished 'run_cypher' with qry#2r in 0.3955 secs.
2021-07-27 10:38:19,441 [INFO] Finished 'run_cypher' with qry#2r in 0.3756 secs.
2021-07-27 10:38:19,834 [INFO] Finished 'run_cypher' with qry#2r in 0.3874 secs.
2021-07-27 10:38:20,225 [INFO] Finished 'run_cypher' with qry#2r in 0.3860 secs.
2021-07-27 10:38:20,628 [INFO] Finished 'run_cypher' with qry#2r in 0.3976 secs.
2021-07-27 10:38:21,025 [INFO] Finished 'run_cypher' with qry#2r in 0.3912 secs.
2021-07-27 10:38:21,412 [INFO] Finished 'run_cypher' with qry#2r in 0.3816 secs.
2021-07-27 10:38:23,239 [INFO] Finished 'run_cypher' with qry#2w in 1.8220 secs.
2021-07-27 10:38:23,901 [INFO] Finished 'run_cypher' with qry#2w in 0.6569 secs.
2021-07-27 10:38:24,291 [INFO] Finished 'run_cypher' with qry#2w in 0.3849 secs.
2021-07-27 10:38:24,684 [INFO] Finished 'run_cypher' with qry#2w in 0.3868 secs.
2021-07-27 10:38:25,079 [INFO] Finished 'run_cypher' with qry#2w in 0.3906 secs.
2021-07-27 10:38:25,471 [INFO] Finished 'run_cypher' with qry#2w in 0.3865 secs.
2021-07-27 10:38:25,854 [INFO] Finished 'run_cypher' with qry#2w in 0.3777 secs.
2021-07-27 10:38:26,240 [INFO] Finished 'run_cypher' with qry#2w in 0.3801 secs.
2021-07-27 10:38:26,620 [INFO] Finished 'run_cypher' with qry#2w in 0.3752 secs.
2021-07-27 10:38:27,015 [INFO] Finished 'run_cypher' with qry#2w in 0.3897 secs.
2021-07-27 10:38:27,603 [INFO] Finished 'run_cypher' with qry#2u in 0.5822 secs.
2021-07-27 10:38:28,003 [INFO] Finished 'run_cypher' with qry#2u in 0.3953 secs.
2021-07-27 10:38:28,390 [INFO] Finished 'run_cypher' with qry#2u in 0.3809 secs.
2021-07-27 10:38:28,794 [INFO] Finished 'run_cypher' with qry#2u in 0.3992 secs.
2021-07-27 10:38:29,183 [INFO] Finished 'run_cypher' with qry#2u in 0.3833 secs.
2021-07-27 10:38:29,610 [INFO] Finished 'run_cypher' with qry#2u in 0.4216 secs.
2021-07-27 10:38:29,996 [INFO] Finished 'run_cypher' with qry#2u in 0.3799 secs.
2021-07-27 10:38:30,383 [INFO] Finished 'run_cypher' with qry#2u in 0.3821 secs.
2021-07-27 10:38:30,793 [INFO] Finished 'run_cypher' with qry#2u in 0.4050 secs.
2021-07-27 10:38:31,182 [INFO] Finished 'run_cypher' with qry#2u in 0.3832 secs.
2021-07-27 10:38:31,705 [INFO] Finished 'run_cypher' with qry#3r in 0.5177 secs.
2021-07-27 10:38:32,092 [INFO] Finished 'run_cypher' with qry#3r in 0.3816 secs.
2021-07-27 10:38:32,480 [INFO] Finished 'run_cypher' with qry#3r in 0.3831 secs.
2021-07-27 10:38:32,877 [INFO] Finished 'run_cypher' with qry#3r in 0.3912 secs.
2021-07-27 10:38:33,264 [INFO] Finished 'run_cypher' with qry#3r in 0.3833 secs.
2021-07-27 10:38:33,654 [INFO] Finished 'run_cypher' with qry#3r in 0.3849 secs.
2021-07-27 10:38:34,045 [INFO] Finished 'run_cypher' with qry#3r in 0.3859 secs.
2021-07-27 10:38:34,431 [INFO] Finished 'run_cypher' with qry#3r in 0.3810 secs.
2021-07-27 10:38:34,827 [INFO] Finished 'run_cypher' with qry#3r in 0.3899 secs.
2021-07-27 10:38:35,221 [INFO] Finished 'run_cypher' with qry#3r in 0.3893 secs.
2021-07-27 10:38:37,012 [INFO] Finished 'run_cypher' with qry#3w in 1.7858 secs.
2021-07-27 10:38:37,420 [INFO] Finished 'run_cypher' with qry#3w in 0.4020 secs.
2021-07-27 10:38:37,820 [INFO] Finished 'run_cypher' with qry#3w in 0.3950 secs.
2021-07-27 10:38:38,205 [INFO] Finished 'run_cypher' with qry#3w in 0.3797 secs.
2021-07-27 10:38:38,595 [INFO] Finished 'run_cypher' with qry#3w in 0.3843 secs.
2021-07-27 10:38:39,265 [INFO] Finished 'run_cypher' with qry#3w in 0.6645 secs.
2021-07-27 10:38:39,664 [INFO] Finished 'run_cypher' with qry#3w in 0.3930 secs.
2021-07-27 10:38:40,056 [INFO] Finished 'run_cypher' with qry#3w in 0.3860 secs.
2021-07-27 10:38:40,453 [INFO] Finished 'run_cypher' with qry#3w in 0.3918 secs.
2021-07-27 10:38:40,847 [INFO] Finished 'run_cypher' with qry#3w in 0.3885 secs.
2021-07-27 10:38:41,495 [INFO] Finished 'run_cypher' with qry#3u in 0.6428 secs.
2021-07-27 10:38:41,883 [INFO] Finished 'run_cypher' with qry#3u in 0.3826 secs.
2021-07-27 10:38:42,278 [INFO] Finished 'run_cypher' with qry#3u in 0.3895 secs.
2021-07-27 10:38:42,663 [INFO] Finished 'run_cypher' with qry#3u in 0.3798 secs.
2021-07-27 10:38:43,054 [INFO] Finished 'run_cypher' with qry#3u in 0.3859 secs.
2021-07-27 10:38:43,440 [INFO] Finished 'run_cypher' with qry#3u in 0.3817 secs.
2021-07-27 10:38:43,838 [INFO] Finished 'run_cypher' with qry#3u in 0.3923 secs.
2021-07-27 10:38:44,234 [INFO] Finished 'run_cypher' with qry#3u in 0.3904 secs.
2021-07-27 10:38:44,615 [INFO] Finished 'run_cypher' with qry#3u in 0.3754 secs.
2021-07-27 10:38:44,997 [INFO] Finished 'run_cypher' with qry#3u in 0.3776 secs.
2021-07-27 10:38:45,467 [ERROR] {code: Neo.ClientError.Statement.SyntaxError} {message: Multiple graphs in the same query not allowed here. This feature is only available in a Fabric database.
Attempted to access graph legand.graphB
"USE legand.graphB MATCH (n:Movie) RETURN n.title,n.db,"movies2" as db,"qry#123r" as type LIMIT 5"
 ^}
2021-07-27 11:39:41,649 [INFO] Running with parallel
2021-07-27 11:39:42,144 [ERROR] {code: Neo.ClientError.Statement.SyntaxError} {message: Multiple graphs in the same query not allowed here. This feature is only available in a Fabric database.
Attempted to access graph legand.graphB
"USE legand.graphB MATCH (n:Movie) RETURN n.title,n.db,"movies2" as db,"qry#123r" as type LIMIT 5"
 ^}
2021-07-27 11:41:24,717 [INFO] Running with sequential
2021-07-27 11:41:25,180 [ERROR] {code: Neo.ClientError.Statement.SyntaxError} {message: Multiple graphs in the same query not allowed here. This feature is only available in a Fabric database.
Attempted to access graph legand.graphC
"    USE legand.graphC"
     ^}
2021-07-27 11:44:13,116 [INFO] Running with sequential
2021-07-27 11:44:13,543 [ERROR] {code: Neo.ClientError.Statement.SyntaxError} {message: Multiple graphs in the same query not allowed here. This feature is only available in a Fabric database.
Attempted to access graph legand.graphC
"    USE legand.graphC"
     ^}
2021-07-27 11:45:07,535 [INFO] Running with sequential
2021-07-27 11:45:07,919 [ERROR] {code: Neo.ClientError.Statement.SyntaxError} {message: Dynamic graph lookup not allowed here. This feature is only available in a Fabric database
Attempted to access graph legand.graph(0)
"    USE legand.graph(0)"
     ^}
2021-07-27 11:57:24,981 [INFO] Running with sequential
2021-07-27 11:57:25,470 [INFO] Finished 'run_cypher' with qry#1r in 0.4884 secs.
2021-07-27 11:57:25,786 [INFO] Finished 'run_cypher' with qry#1r in 0.3092 secs.
2021-07-27 11:57:26,107 [INFO] Finished 'run_cypher' with qry#1r in 0.3158 secs.
2021-07-27 11:57:26,448 [INFO] Finished 'run_cypher' with qry#1r in 0.3363 secs.
2021-07-27 11:57:26,777 [INFO] Finished 'run_cypher' with qry#1r in 0.3249 secs.
2021-07-27 11:57:27,105 [INFO] Finished 'run_cypher' with qry#1r in 0.3235 secs.
2021-07-27 11:57:27,427 [INFO] Finished 'run_cypher' with qry#1r in 0.3174 secs.
2021-07-27 11:57:27,747 [INFO] Finished 'run_cypher' with qry#1r in 0.3156 secs.
2021-07-27 11:57:28,076 [INFO] Finished 'run_cypher' with qry#1r in 0.3236 secs.
2021-07-27 11:57:28,401 [INFO] Finished 'run_cypher' with qry#1r in 0.3201 secs.
2021-07-27 11:57:28,820 [INFO] Finished 'run_cypher' with qry#1w in 0.4144 secs.
2021-07-27 11:57:29,146 [INFO] Finished 'run_cypher' with qry#1w in 0.3195 secs.
2021-07-27 11:57:29,465 [INFO] Finished 'run_cypher' with qry#1w in 0.3133 secs.
2021-07-27 11:57:29,785 [INFO] Finished 'run_cypher' with qry#1w in 0.3146 secs.
2021-07-27 11:57:30,102 [INFO] Finished 'run_cypher' with qry#1w in 0.3133 secs.
2021-07-27 11:57:30,429 [INFO] Finished 'run_cypher' with qry#1w in 0.3219 secs.
2021-07-27 11:57:30,752 [INFO] Finished 'run_cypher' with qry#1w in 0.3175 secs.
2021-07-27 11:57:31,075 [INFO] Finished 'run_cypher' with qry#1w in 0.3188 secs.
2021-07-27 11:57:31,398 [INFO] Finished 'run_cypher' with qry#1w in 0.3195 secs.
2021-07-27 11:57:31,719 [INFO] Finished 'run_cypher' with qry#1w in 0.3160 secs.
2021-07-27 11:57:32,125 [INFO] Finished 'run_cypher' with qry#1u in 0.4019 secs.
2021-07-27 11:57:32,451 [INFO] Finished 'run_cypher' with qry#1u in 0.3218 secs.
2021-07-27 11:57:32,792 [INFO] Finished 'run_cypher' with qry#1u in 0.3365 secs.
2021-07-27 11:57:33,112 [INFO] Finished 'run_cypher' with qry#1u in 0.3153 secs.
2021-07-27 11:57:33,431 [INFO] Finished 'run_cypher' with qry#1u in 0.3140 secs.
2021-07-27 11:57:33,764 [INFO] Finished 'run_cypher' with qry#1u in 0.3281 secs.
2021-07-27 11:57:34,086 [INFO] Finished 'run_cypher' with qry#1u in 0.3157 secs.
2021-07-27 11:57:34,421 [INFO] Finished 'run_cypher' with qry#1u in 0.3308 secs.
2021-07-27 11:57:34,741 [INFO] Finished 'run_cypher' with qry#1u in 0.3160 secs.
2021-07-27 11:57:35,071 [INFO] Finished 'run_cypher' with qry#1u in 0.3240 secs.
2021-07-27 11:57:35,491 [INFO] Finished 'run_cypher' with qry#2r in 0.4152 secs.
2021-07-27 11:57:35,811 [INFO] Finished 'run_cypher' with qry#2r in 0.3159 secs.
2021-07-27 11:57:36,154 [INFO] Finished 'run_cypher' with qry#2r in 0.3377 secs.
2021-07-27 11:57:36,477 [INFO] Finished 'run_cypher' with qry#2r in 0.3182 secs.
2021-07-27 11:57:36,801 [INFO] Finished 'run_cypher' with qry#2r in 0.3196 secs.
2021-07-27 11:57:37,129 [INFO] Finished 'run_cypher' with qry#2r in 0.3222 secs.
2021-07-27 11:57:37,454 [INFO] Finished 'run_cypher' with qry#2r in 0.3208 secs.
2021-07-27 11:57:37,774 [INFO] Finished 'run_cypher' with qry#2r in 0.3158 secs.
2021-07-27 11:57:38,095 [INFO] Finished 'run_cypher' with qry#2r in 0.3165 secs.
2021-07-27 11:57:38,412 [INFO] Finished 'run_cypher' with qry#2r in 0.3109 secs.
2021-07-27 11:57:38,788 [INFO] Finished 'run_cypher' with qry#2w in 0.3714 secs.
2021-07-27 11:57:39,109 [INFO] Finished 'run_cypher' with qry#2w in 0.3169 secs.
2021-07-27 11:57:39,427 [INFO] Finished 'run_cypher' with qry#2w in 0.3139 secs.
2021-07-27 11:57:39,747 [INFO] Finished 'run_cypher' with qry#2w in 0.3156 secs.
2021-07-27 11:57:40,074 [INFO] Finished 'run_cypher' with qry#2w in 0.3224 secs.
2021-07-27 11:57:40,398 [INFO] Finished 'run_cypher' with qry#2w in 0.3199 secs.
2021-07-27 11:57:40,717 [INFO] Finished 'run_cypher' with qry#2w in 0.3139 secs.
2021-07-27 11:57:41,043 [INFO] Finished 'run_cypher' with qry#2w in 0.3213 secs.
2021-07-27 11:57:41,369 [INFO] Finished 'run_cypher' with qry#2w in 0.3210 secs.
2021-07-27 11:57:41,697 [INFO] Finished 'run_cypher' with qry#2w in 0.3242 secs.
2021-07-27 11:57:42,077 [INFO] Finished 'run_cypher' with qry#2u in 0.3762 secs.
2021-07-27 11:57:42,405 [INFO] Finished 'run_cypher' with qry#2u in 0.3217 secs.
2021-07-27 11:57:42,723 [INFO] Finished 'run_cypher' with qry#2u in 0.3133 secs.
2021-07-27 11:57:43,039 [INFO] Finished 'run_cypher' with qry#2u in 0.3108 secs.
2021-07-27 11:57:43,369 [INFO] Finished 'run_cypher' with qry#2u in 0.3251 secs.
2021-07-27 11:57:43,685 [INFO] Finished 'run_cypher' with qry#2u in 0.3126 secs.
2021-07-27 11:57:44,021 [INFO] Finished 'run_cypher' with qry#2u in 0.3293 secs.
2021-07-27 11:57:44,356 [INFO] Finished 'run_cypher' with qry#2u in 0.3304 secs.
2021-07-27 11:57:44,688 [INFO] Finished 'run_cypher' with qry#2u in 0.3270 secs.
2021-07-27 11:57:45,024 [INFO] Finished 'run_cypher' with qry#2u in 0.3318 secs.
2021-07-27 11:57:45,431 [INFO] Finished 'run_cypher' with qry#3r in 0.4009 secs.
2021-07-27 11:57:45,763 [INFO] Finished 'run_cypher' with qry#3r in 0.3270 secs.
2021-07-27 11:57:46,083 [INFO] Finished 'run_cypher' with qry#3r in 0.3150 secs.
2021-07-27 11:57:46,407 [INFO] Finished 'run_cypher' with qry#3r in 0.3180 secs.
2021-07-27 11:57:46,718 [INFO] Finished 'run_cypher' with qry#3r in 0.3074 secs.
2021-07-27 11:57:47,043 [INFO] Finished 'run_cypher' with qry#3r in 0.3208 secs.
2021-07-27 11:57:47,368 [INFO] Finished 'run_cypher' with qry#3r in 0.3195 secs.
2021-07-27 11:57:47,689 [INFO] Finished 'run_cypher' with qry#3r in 0.3157 secs.
2021-07-27 11:57:48,009 [INFO] Finished 'run_cypher' with qry#3r in 0.3153 secs.
2021-07-27 11:57:48,552 [INFO] Finished 'run_cypher' with qry#3r in 0.5384 secs.
2021-07-27 11:57:48,968 [INFO] Finished 'run_cypher' with qry#3w in 0.4119 secs.
2021-07-27 11:57:49,294 [INFO] Finished 'run_cypher' with qry#3w in 0.3210 secs.
2021-07-27 11:57:49,642 [INFO] Finished 'run_cypher' with qry#3w in 0.3435 secs.
2021-07-27 11:57:49,978 [INFO] Finished 'run_cypher' with qry#3w in 0.3311 secs.
2021-07-27 11:57:50,306 [INFO] Finished 'run_cypher' with qry#3w in 0.3235 secs.
2021-07-27 11:57:50,649 [INFO] Finished 'run_cypher' with qry#3w in 0.3383 secs.
2021-07-27 11:57:50,975 [INFO] Finished 'run_cypher' with qry#3w in 0.3208 secs.
2021-07-27 11:57:51,293 [INFO] Finished 'run_cypher' with qry#3w in 0.3133 secs.
2021-07-27 11:57:51,609 [INFO] Finished 'run_cypher' with qry#3w in 0.3118 secs.
2021-07-27 11:57:51,929 [INFO] Finished 'run_cypher' with qry#3w in 0.3148 secs.
2021-07-27 11:57:52,320 [INFO] Finished 'run_cypher' with qry#3u in 0.3859 secs.
2021-07-27 11:57:52,642 [INFO] Finished 'run_cypher' with qry#3u in 0.3174 secs.
2021-07-27 11:57:52,970 [INFO] Finished 'run_cypher' with qry#3u in 0.3234 secs.
2021-07-27 11:57:53,525 [INFO] Finished 'run_cypher' with qry#3u in 0.5512 secs.
2021-07-27 11:57:53,844 [INFO] Finished 'run_cypher' with qry#3u in 0.3147 secs.
2021-07-27 11:57:54,188 [INFO] Finished 'run_cypher' with qry#3u in 0.3386 secs.
2021-07-27 11:57:54,510 [INFO] Finished 'run_cypher' with qry#3u in 0.3174 secs.
2021-07-27 11:57:54,837 [INFO] Finished 'run_cypher' with qry#3u in 0.3223 secs.
2021-07-27 11:57:55,172 [INFO] Finished 'run_cypher' with qry#3u in 0.3293 secs.
2021-07-27 11:57:55,489 [INFO] Finished 'run_cypher' with qry#3u in 0.3123 secs.
2021-07-27 11:57:55,882 [ERROR] {code: Neo.ClientError.Statement.SyntaxError} {message: Multiple graphs in the same query not allowed here. This feature is only available in a Fabric database.
Attempted to access graph legand.graphB
"USE legand.graphB MATCH (n:Movie) RETURN n.title,n.db,"movies2" as db,"qry#123r" as type LIMIT 5"
 ^}
2021-07-27 11:59:26,192 [INFO] Running with sequential
2021-07-27 11:59:26,594 [ERROR] {code: Neo.ClientError.Statement.SyntaxError} {message: Dynamic graph lookup not allowed here. This feature is only available in a Fabric database
Attempted to access graph legand.graph(0)
"    USE legand.graph(0)"
     ^}
2021-07-27 12:01:51,584 [INFO] Running with sequential
2021-07-27 12:01:51,970 [ERROR] {code: Neo.ClientError.Statement.SyntaxError} {message: Dynamic graph lookup not allowed here. This feature is only available in a Fabric database
Attempted to access graph legand.graph(0)
"    USE legand.graph(0)"
     ^}
2021-07-27 12:05:11,001 [INFO] Running with sequential
2021-07-27 12:05:11,456 [ERROR] {code: Neo.ClientError.Statement.SyntaxError} {message: Dynamic graph lookup not allowed here. This feature is only available in a Fabric database
Attempted to access graph legand.graph(0)
"    USE legand.graph(0)"
     ^}
2021-07-27 12:09:09,773 [INFO] Running with sequential
2021-07-27 12:09:10,231 [ERROR] {code: Neo.ClientError.Statement.SyntaxError} {message: Multiple graphs in the same query not allowed here. This feature is only available in a Fabric database.
Attempted to access graph legand.movies1
"    USE legand.movies1"
     ^}
2021-07-27 12:09:22,574 [INFO] Running with sequential
2021-07-27 12:09:23,053 [ERROR] {code: Neo.ClientError.Statement.SyntaxError} {message: Multiple graphs in the same query not allowed here. This feature is only available in a Fabric database.
Attempted to access graph movies1
"    USE movies1"
     ^}
2021-07-27 12:15:09,737 [INFO] Running with sequential
2021-07-27 12:15:10,191 [ERROR] {code: Neo.ClientError.Statement.SyntaxError} {message: Invalid graph reference (line 2, column 15 (offset: 21))
"    USE graph(0)"
               ^}
2021-07-27 12:15:28,337 [INFO] Running with sequential
2021-07-27 12:15:29,026 [ERROR] {code: Neo.ClientError.Statement.SyntaxError} {message: Multiple graphs in the same query not allowed here. This feature is only available in a Fabric database.
Attempted to access graph graphA
"    USE graphA"
     ^}
2021-07-27 12:15:46,999 [INFO] Running with sequential
2021-07-27 12:15:47,456 [ERROR] {code: Neo.ClientError.Statement.SyntaxError} {message: Multiple graphs in the same query not allowed here. This feature is only available in a Fabric database.
Attempted to access graph legand.graphA
"    USE legand.graphA"
     ^}
2021-07-27 12:18:54,947 [INFO] Running with sequential
2021-07-27 12:18:55,578 [INFO] Finished 'run_cypher' with qry#123rv2 in 0.6310 secs.
2021-07-27 12:18:56,008 [INFO] Finished 'run_cypher' with qry#123rv2 in 0.4223 secs.
2021-07-27 12:18:56,404 [INFO] Finished 'run_cypher' with qry#123rv2 in 0.3900 secs.
2021-07-27 12:18:56,968 [INFO] Finished 'run_cypher' with qry#123rv2 in 0.5595 secs.
2021-07-27 12:18:57,533 [INFO] Finished 'run_cypher' with qry#123rv2 in 0.5605 secs.
2021-07-27 12:18:58,117 [INFO] Finished 'run_cypher' with qry#123rv2 in 0.5794 secs.
2021-07-27 12:18:58,684 [INFO] Finished 'run_cypher' with qry#123rv2 in 0.5617 secs.
2021-07-27 12:18:59,295 [INFO] Finished 'run_cypher' with qry#123rv2 in 0.6066 secs.
2021-07-27 12:18:59,870 [INFO] Finished 'run_cypher' with qry#123rv2 in 0.5707 secs.
2021-07-27 12:19:00,439 [INFO] Finished 'run_cypher' with qry#123rv2 in 0.5650 secs.
2021-07-27 12:19:00,515 [INFO] Finished 'main' with 'NO ARGS' in 6.0921 secs.
2021-07-27 12:19:28,850 [INFO] Running with sequential
2021-07-27 12:19:29,648 [INFO] Finished 'run_cypher' with qry#123r in 0.7970 secs.
2021-07-27 12:19:30,121 [INFO] Finished 'run_cypher' with qry#123r in 0.4663 secs.
2021-07-27 12:19:30,703 [INFO] Finished 'run_cypher' with qry#123r in 0.5767 secs.
2021-07-27 12:19:31,270 [INFO] Finished 'run_cypher' with qry#123r in 0.5629 secs.
2021-07-27 12:19:31,833 [INFO] Finished 'run_cypher' with qry#123r in 0.5581 secs.
2021-07-27 12:19:32,418 [INFO] Finished 'run_cypher' with qry#123r in 0.5812 secs.
2021-07-27 12:19:32,809 [INFO] Finished 'run_cypher' with qry#123r in 0.3858 secs.
2021-07-27 12:19:33,209 [INFO] Finished 'run_cypher' with qry#123r in 0.3953 secs.
2021-07-27 12:19:33,614 [INFO] Finished 'run_cypher' with qry#123r in 0.4000 secs.
2021-07-27 12:19:34,005 [INFO] Finished 'run_cypher' with qry#123r in 0.3870 secs.
2021-07-27 12:19:34,081 [INFO] Finished 'main' with 'NO ARGS' in 5.7663 secs.
2021-08-01 18:08:13,945 [INFO] Running with sequential
2021-08-01 18:10:16,112 [INFO] Running with sequential
2021-08-01 18:15:34,011 [INFO] Running with sequential
2021-08-01 18:15:34,922 [INFO] Finished 'run_cypher' with qry#1r in 0.9105 secs.
2021-08-01 18:15:35,401 [INFO] Finished 'run_cypher' with qry#1r in 0.4780 secs.
2021-08-01 18:15:36,036 [INFO] Finished 'run_cypher' with qry#1r in 0.6354 secs.
2021-08-01 18:15:36,485 [INFO] Finished 'run_cypher' with qry#1r in 0.4479 secs.
2021-08-01 18:15:36,930 [INFO] Finished 'run_cypher' with qry#1r in 0.4450 secs.
2021-08-01 18:15:37,565 [INFO] Finished 'run_cypher' with qry#1r in 0.6341 secs.
2021-08-01 18:15:37,999 [INFO] Finished 'run_cypher' with qry#1r in 0.4336 secs.
2021-08-01 18:15:38,446 [INFO] Finished 'run_cypher' with qry#1r in 0.4467 secs.
2021-08-01 18:15:38,883 [INFO] Finished 'run_cypher' with qry#1r in 0.4363 secs.
2021-08-01 18:15:39,515 [INFO] Finished 'run_cypher' with qry#1r in 0.6314 secs.
2021-08-01 18:15:39,999 [INFO] Finished 'run_cypher' with qry#1w in 0.4842 secs.
2021-08-01 18:15:40,452 [INFO] Finished 'run_cypher' with qry#1w in 0.4529 secs.
2021-08-01 18:15:40,892 [INFO] Finished 'run_cypher' with qry#1w in 0.4393 secs.
2021-08-01 18:15:41,527 [INFO] Finished 'run_cypher' with qry#1w in 0.6346 secs.
2021-08-01 18:15:42,150 [INFO] Finished 'run_cypher' with qry#1w in 0.6225 secs.
2021-08-01 18:15:42,604 [INFO] Finished 'run_cypher' with qry#1w in 0.4541 secs.
2021-08-01 18:15:43,223 [INFO] Finished 'run_cypher' with qry#1w in 0.6191 secs.
2021-08-01 18:15:43,851 [INFO] Finished 'run_cypher' with qry#1w in 0.6273 secs.
2021-08-01 18:15:44,299 [INFO] Finished 'run_cypher' with qry#1w in 0.4470 secs.
2021-08-01 18:15:44,936 [INFO] Finished 'run_cypher' with qry#1w in 0.6368 secs.
2021-08-01 18:15:45,600 [INFO] Finished 'run_cypher' with qry#1u in 0.6637 secs.
2021-08-01 18:15:46,216 [INFO] Finished 'run_cypher' with qry#1u in 0.6163 secs.
2021-08-01 18:15:46,689 [INFO] Finished 'run_cypher' with qry#1u in 0.4718 secs.
2021-08-01 18:15:47,313 [INFO] Finished 'run_cypher' with qry#1u in 0.6241 secs.
2021-08-01 18:15:47,752 [INFO] Finished 'run_cypher' with qry#1u in 0.4383 secs.
2021-08-01 18:15:48,214 [INFO] Finished 'run_cypher' with qry#1u in 0.4618 secs.
2021-08-01 18:15:48,858 [INFO] Finished 'run_cypher' with qry#1u in 0.6433 secs.
2021-08-01 18:15:49,488 [INFO] Finished 'run_cypher' with qry#1u in 0.6294 secs.
2021-08-01 18:15:49,936 [INFO] Finished 'run_cypher' with qry#1u in 0.4482 secs.
2021-08-01 18:15:50,570 [INFO] Finished 'run_cypher' with qry#1u in 0.6335 secs.
2021-08-01 18:15:51,154 [INFO] Finished 'run_cypher' with qry#2r in 0.5839 secs.
2021-08-01 18:15:51,830 [INFO] Finished 'run_cypher' with qry#2r in 0.6754 secs.
2021-08-01 18:15:52,282 [INFO] Finished 'run_cypher' with qry#2r in 0.4514 secs.
2021-08-01 18:15:52,725 [INFO] Finished 'run_cypher' with qry#2r in 0.4428 secs.
2021-08-01 18:15:53,173 [INFO] Finished 'run_cypher' with qry#2r in 0.4474 secs.
2021-08-01 18:15:53,632 [INFO] Finished 'run_cypher' with qry#2r in 0.4588 secs.
2021-08-01 18:15:54,264 [INFO] Finished 'run_cypher' with qry#2r in 0.6314 secs.
2021-08-01 18:15:54,891 [INFO] Finished 'run_cypher' with qry#2r in 0.6270 secs.
2021-08-01 18:15:55,339 [INFO] Finished 'run_cypher' with qry#2r in 0.4467 secs.
2021-08-01 18:15:55,798 [INFO] Finished 'run_cypher' with qry#2r in 0.4586 secs.
2021-08-01 18:15:56,445 [INFO] Finished 'run_cypher' with qry#2w in 0.6471 secs.
2021-08-01 18:15:56,877 [INFO] Finished 'run_cypher' with qry#2w in 0.4320 secs.
2021-08-01 18:15:57,325 [INFO] Finished 'run_cypher' with qry#2w in 0.4467 secs.
2021-08-01 18:15:57,988 [INFO] Finished 'run_cypher' with qry#2w in 0.6634 secs.
2021-08-01 18:15:58,429 [INFO] Finished 'run_cypher' with qry#2w in 0.4405 secs.
2021-08-01 18:15:59,048 [INFO] Finished 'run_cypher' with qry#2w in 0.6183 secs.
2021-08-01 18:15:59,501 [INFO] Finished 'run_cypher' with qry#2w in 0.4523 secs.
2021-08-01 18:15:59,951 [INFO] Finished 'run_cypher' with qry#2w in 0.4499 secs.
2021-08-01 18:16:00,414 [INFO] Finished 'run_cypher' with qry#2w in 0.4626 secs.
2021-08-01 18:16:00,855 [INFO] Finished 'run_cypher' with qry#2w in 0.4408 secs.
2021-08-01 18:16:01,688 [INFO] Finished 'run_cypher' with qry#2u in 0.8322 secs.
2021-08-01 18:16:02,131 [INFO] Finished 'run_cypher' with qry#2u in 0.4431 secs.
2021-08-01 18:16:02,776 [INFO] Finished 'run_cypher' with qry#2u in 0.6439 secs.
2021-08-01 18:16:03,215 [INFO] Finished 'run_cypher' with qry#2u in 0.4391 secs.
2021-08-01 18:16:03,845 [INFO] Finished 'run_cypher' with qry#2u in 0.6294 secs.
2021-08-01 18:16:04,477 [INFO] Finished 'run_cypher' with qry#2u in 0.6318 secs.
2021-08-01 18:16:05,103 [INFO] Finished 'run_cypher' with qry#2u in 0.6248 secs.
2021-08-01 18:16:05,732 [INFO] Finished 'run_cypher' with qry#2u in 0.6293 secs.
2021-08-01 18:16:06,174 [INFO] Finished 'run_cypher' with qry#2u in 0.4415 secs.
2021-08-01 18:16:06,804 [INFO] Finished 'run_cypher' with qry#2u in 0.6295 secs.
2021-08-01 18:16:07,411 [INFO] Finished 'run_cypher' with qry#3r in 0.6061 secs.
2021-08-01 18:16:08,074 [INFO] Finished 'run_cypher' with qry#3r in 0.6631 secs.
2021-08-01 18:16:08,699 [INFO] Finished 'run_cypher' with qry#3r in 0.6245 secs.
2021-08-01 18:16:09,329 [INFO] Finished 'run_cypher' with qry#3r in 0.6300 secs.
2021-08-01 18:16:09,799 [INFO] Finished 'run_cypher' with qry#3r in 0.4691 secs.
2021-08-01 18:16:10,234 [INFO] Finished 'run_cypher' with qry#3r in 0.4346 secs.
2021-08-01 18:16:10,671 [INFO] Finished 'run_cypher' with qry#3r in 0.4362 secs.
2021-08-01 18:16:11,102 [INFO] Finished 'run_cypher' with qry#3r in 0.4306 secs.
2021-08-01 18:16:11,734 [INFO] Finished 'run_cypher' with qry#3r in 0.6317 secs.
2021-08-01 18:16:12,376 [INFO] Finished 'run_cypher' with qry#3r in 0.6417 secs.
2021-08-01 18:16:13,022 [INFO] Finished 'run_cypher' with qry#3w in 0.6463 secs.
2021-08-01 18:16:13,652 [INFO] Finished 'run_cypher' with qry#3w in 0.6296 secs.
2021-08-01 18:16:14,290 [INFO] Finished 'run_cypher' with qry#3w in 0.6377 secs.
2021-08-01 18:16:14,762 [INFO] Finished 'run_cypher' with qry#3w in 0.4712 secs.
2021-08-01 18:16:15,203 [INFO] Finished 'run_cypher' with qry#3w in 0.4404 secs.
2021-08-01 18:16:15,838 [INFO] Finished 'run_cypher' with qry#3w in 0.6346 secs.
2021-08-01 18:16:16,458 [INFO] Finished 'run_cypher' with qry#3w in 0.6202 secs.
2021-08-01 18:16:17,091 [INFO] Finished 'run_cypher' with qry#3w in 0.6321 secs.
2021-08-01 18:16:17,710 [INFO] Finished 'run_cypher' with qry#3w in 0.6187 secs.
2021-08-01 18:16:18,158 [INFO] Finished 'run_cypher' with qry#3w in 0.4474 secs.
2021-08-01 18:16:18,625 [INFO] Finished 'run_cypher' with qry#3u in 0.4672 secs.
2021-08-01 18:16:19,060 [INFO] Finished 'run_cypher' with qry#3u in 0.4348 secs.
2021-08-01 18:16:19,709 [INFO] Finished 'run_cypher' with qry#3u in 0.6486 secs.
2021-08-01 18:16:20,338 [INFO] Finished 'run_cypher' with qry#3u in 0.6284 secs.
2021-08-01 18:16:20,772 [INFO] Finished 'run_cypher' with qry#3u in 0.4335 secs.
2021-08-01 18:16:21,212 [INFO] Finished 'run_cypher' with qry#3u in 0.4393 secs.
2021-08-01 18:16:21,659 [INFO] Finished 'run_cypher' with qry#3u in 0.4468 secs.
2021-08-01 18:16:22,280 [INFO] Finished 'run_cypher' with qry#3u in 0.6210 secs.
2021-08-01 18:16:22,723 [INFO] Finished 'run_cypher' with qry#3u in 0.4426 secs.
2021-08-01 18:16:23,338 [INFO] Finished 'run_cypher' with qry#3u in 0.6144 secs.
2021-08-01 18:16:23,960 [INFO] Finished 'run_cypher' with qry#123r in 0.6210 secs.
2021-08-01 18:16:24,407 [INFO] Finished 'run_cypher' with qry#123r in 0.4465 secs.
2021-08-01 18:16:25,044 [INFO] Finished 'run_cypher' with qry#123r in 0.6372 secs.
2021-08-01 18:16:25,490 [INFO] Finished 'run_cypher' with qry#123r in 0.4454 secs.
2021-08-01 18:16:25,936 [INFO] Finished 'run_cypher' with qry#123r in 0.4462 secs.
2021-08-01 18:16:26,390 [INFO] Finished 'run_cypher' with qry#123r in 0.4527 secs.
2021-08-01 18:16:26,831 [INFO] Finished 'run_cypher' with qry#123r in 0.4410 secs.
2021-08-01 18:16:27,274 [INFO] Finished 'run_cypher' with qry#123r in 0.4427 secs.
2021-08-01 18:16:27,735 [INFO] Finished 'run_cypher' with qry#123r in 0.4607 secs.
2021-08-01 18:16:28,379 [INFO] Finished 'run_cypher' with qry#123r in 0.6433 secs.
2021-08-01 18:16:28,960 [INFO] Finished 'run_cypher' with qry#123rv2 in 0.5812 secs.
2021-08-01 18:16:29,647 [INFO] Finished 'run_cypher' with qry#123rv2 in 0.6865 secs.
2021-08-01 18:16:30,342 [INFO] Finished 'run_cypher' with qry#123rv2 in 0.6946 secs.
2021-08-01 18:16:30,786 [INFO] Finished 'run_cypher' with qry#123rv2 in 0.4431 secs.
2021-08-01 18:16:31,524 [INFO] Finished 'run_cypher' with qry#123rv2 in 0.7380 secs.
2021-08-01 18:16:32,201 [INFO] Finished 'run_cypher' with qry#123rv2 in 0.6766 secs.
2021-08-01 18:16:32,835 [INFO] Finished 'run_cypher' with qry#123rv2 in 0.6330 secs.
2021-08-01 18:16:33,265 [INFO] Finished 'run_cypher' with qry#123rv2 in 0.4286 secs.
2021-08-01 18:16:33,705 [INFO] Finished 'run_cypher' with qry#123rv2 in 0.4400 secs.
2021-08-01 18:16:34,337 [INFO] Finished 'run_cypher' with qry#123rv2 in 0.6316 secs.
2021-08-01 18:16:34,401 [INFO] Finished 'main' with 'NO ARGS' in 60.8323 secs.
2021-08-02 09:24:18,868 [INFO] Running with sequential
2021-08-02 09:24:21,569 [INFO] Finished 'run_cypher' with qry#1r in 2.7005 secs.
2021-08-02 09:24:22,046 [INFO] Finished 'run_cypher' with qry#1r in 0.4765 secs.
2021-08-02 09:24:22,730 [INFO] Finished 'run_cypher' with qry#1r in 0.6840 secs.
2021-08-02 09:24:23,180 [INFO] Finished 'run_cypher' with qry#1r in 0.4490 secs.
2021-08-02 09:24:23,630 [INFO] Finished 'run_cypher' with qry#1r in 0.4497 secs.
2021-08-02 09:24:24,084 [INFO] Finished 'run_cypher' with qry#1r in 0.4540 secs.
2021-08-02 09:24:24,702 [INFO] Finished 'run_cypher' with qry#1r in 0.6174 secs.
2021-08-02 09:24:25,328 [INFO] Finished 'run_cypher' with qry#1r in 0.6253 secs.
2021-08-02 09:24:26,172 [INFO] Finished 'run_cypher' with qry#1r in 0.8437 secs.
2021-08-02 09:24:26,817 [INFO] Finished 'run_cypher' with qry#1r in 0.6446 secs.
2021-08-02 09:24:27,444 [INFO] Finished 'run_cypher' with qry#1w in 0.6267 secs.
2021-08-02 09:24:27,900 [INFO] Finished 'run_cypher' with qry#1w in 0.4560 secs.
2021-08-02 09:24:28,512 [INFO] Finished 'run_cypher' with qry#1w in 0.6117 secs.
2021-08-02 09:24:28,953 [INFO] Finished 'run_cypher' with qry#1w in 0.4401 secs.
2021-08-02 09:24:29,403 [INFO] Finished 'run_cypher' with qry#1w in 0.4499 secs.
2021-08-02 09:24:30,032 [INFO] Finished 'run_cypher' with qry#1w in 0.6282 secs.
2021-08-02 09:24:30,472 [INFO] Finished 'run_cypher' with qry#1w in 0.4395 secs.
2021-08-02 09:24:30,909 [INFO] Finished 'run_cypher' with qry#1w in 0.4367 secs.
2021-08-02 09:24:31,540 [INFO] Finished 'run_cypher' with qry#1w in 0.6315 secs.
2021-08-02 09:24:32,165 [INFO] Finished 'run_cypher' with qry#1w in 0.6246 secs.
2021-08-02 09:24:32,606 [INFO] Finished 'run_cypher' with qry#1u in 0.4404 secs.
2021-08-02 09:24:33,046 [INFO] Finished 'run_cypher' with qry#1u in 0.4398 secs.
2021-08-02 09:24:33,704 [INFO] Finished 'run_cypher' with qry#1u in 0.6570 secs.
2021-08-02 09:24:34,158 [INFO] Finished 'run_cypher' with qry#1u in 0.4542 secs.
2021-08-02 09:24:34,779 [INFO] Finished 'run_cypher' with qry#1u in 0.6206 secs.
2021-08-02 09:24:35,425 [INFO] Finished 'run_cypher' with qry#1u in 0.6457 secs.
2021-08-02 09:24:35,869 [INFO] Finished 'run_cypher' with qry#1u in 0.4435 secs.
2021-08-02 09:24:36,484 [INFO] Finished 'run_cypher' with qry#1u in 0.6147 secs.
2021-08-02 09:24:37,322 [INFO] Finished 'run_cypher' with qry#1u in 0.8368 secs.
2021-08-02 09:24:37,956 [INFO] Finished 'run_cypher' with qry#1u in 0.6343 secs.
2021-08-02 09:24:38,637 [INFO] Finished 'run_cypher' with qry#2r in 0.6802 secs.
2021-08-02 09:24:39,335 [INFO] Finished 'run_cypher' with qry#2r in 0.6978 secs.
2021-08-02 09:24:39,786 [INFO] Finished 'run_cypher' with qry#2r in 0.4500 secs.
2021-08-02 09:24:40,233 [INFO] Finished 'run_cypher' with qry#2r in 0.4468 secs.
2021-08-02 09:24:40,679 [INFO] Finished 'run_cypher' with qry#2r in 0.4453 secs.
2021-08-02 09:24:41,110 [INFO] Finished 'run_cypher' with qry#2r in 0.4306 secs.
2021-08-02 09:24:41,742 [INFO] Finished 'run_cypher' with qry#2r in 0.6315 secs.
2021-08-02 09:24:42,370 [INFO] Finished 'run_cypher' with qry#2r in 0.6273 secs.
2021-08-02 09:24:42,810 [INFO] Finished 'run_cypher' with qry#2r in 0.4400 secs.
2021-08-02 09:24:43,284 [INFO] Finished 'run_cypher' with qry#2r in 0.4735 secs.
2021-08-02 09:24:44,928 [INFO] Finished 'run_cypher' with qry#2w in 1.6434 secs.
2021-08-02 09:24:45,550 [INFO] Finished 'run_cypher' with qry#2w in 0.6217 secs.
2021-08-02 09:24:46,001 [INFO] Finished 'run_cypher' with qry#2w in 0.4508 secs.
2021-08-02 09:24:46,444 [INFO] Finished 'run_cypher' with qry#2w in 0.4428 secs.
2021-08-02 09:24:46,901 [INFO] Finished 'run_cypher' with qry#2w in 0.4568 secs.
2021-08-02 09:24:47,551 [INFO] Finished 'run_cypher' with qry#2w in 0.6495 secs.
2021-08-02 09:24:48,006 [INFO] Finished 'run_cypher' with qry#2w in 0.4540 secs.
2021-08-02 09:24:48,641 [INFO] Finished 'run_cypher' with qry#2w in 0.6351 secs.
2021-08-02 09:24:49,101 [INFO] Finished 'run_cypher' with qry#2w in 0.4593 secs.
2021-08-02 09:24:49,737 [INFO] Finished 'run_cypher' with qry#2w in 0.6358 secs.
2021-08-02 09:24:50,801 [INFO] Finished 'run_cypher' with qry#2u in 1.0630 secs.
2021-08-02 09:24:51,452 [INFO] Finished 'run_cypher' with qry#2u in 0.6515 secs.
2021-08-02 09:24:51,914 [INFO] Finished 'run_cypher' with qry#2u in 0.4613 secs.
2021-08-02 09:24:52,359 [INFO] Finished 'run_cypher' with qry#2u in 0.4441 secs.
2021-08-02 09:24:53,000 [INFO] Finished 'run_cypher' with qry#2u in 0.6405 secs.
2021-08-02 09:24:53,446 [INFO] Finished 'run_cypher' with qry#2u in 0.4453 secs.
2021-08-02 09:24:53,910 [INFO] Finished 'run_cypher' with qry#2u in 0.4643 secs.
2021-08-02 09:24:54,550 [INFO] Finished 'run_cypher' with qry#2u in 0.6392 secs.
2021-08-02 09:24:54,999 [INFO] Finished 'run_cypher' with qry#2u in 0.4488 secs.
2021-08-02 09:24:55,457 [INFO] Finished 'run_cypher' with qry#2u in 0.4572 secs.
2021-08-02 09:24:56,070 [INFO] Finished 'run_cypher' with qry#3r in 0.6132 secs.
2021-08-02 09:24:56,539 [INFO] Finished 'run_cypher' with qry#3r in 0.4688 secs.
2021-08-02 09:24:57,172 [INFO] Finished 'run_cypher' with qry#3r in 0.6319 secs.
2021-08-02 09:24:57,604 [INFO] Finished 'run_cypher' with qry#3r in 0.4322 secs.
2021-08-02 09:24:58,224 [INFO] Finished 'run_cypher' with qry#3r in 0.6189 secs.
2021-08-02 09:24:58,656 [INFO] Finished 'run_cypher' with qry#3r in 0.4324 secs.
2021-08-02 09:24:59,102 [INFO] Finished 'run_cypher' with qry#3r in 0.4456 secs.
2021-08-02 09:24:59,740 [INFO] Finished 'run_cypher' with qry#3r in 0.6368 secs.
2021-08-02 09:25:00,370 [INFO] Finished 'run_cypher' with qry#3r in 0.6298 secs.
2021-08-02 09:25:00,990 [INFO] Finished 'run_cypher' with qry#3r in 0.6197 secs.
2021-08-02 09:25:01,628 [INFO] Finished 'run_cypher' with qry#3w in 0.6384 secs.
2021-08-02 09:25:02,071 [INFO] Finished 'run_cypher' with qry#3w in 0.4427 secs.
2021-08-02 09:25:02,727 [INFO] Finished 'run_cypher' with qry#3w in 0.6557 secs.
2021-08-02 09:25:03,172 [INFO] Finished 'run_cypher' with qry#3w in 0.4447 secs.
2021-08-02 09:25:03,797 [INFO] Finished 'run_cypher' with qry#3w in 0.6241 secs.
2021-08-02 09:25:04,429 [INFO] Finished 'run_cypher' with qry#3w in 0.6317 secs.
2021-08-02 09:25:05,062 [INFO] Finished 'run_cypher' with qry#3w in 0.6326 secs.
2021-08-02 09:25:05,502 [INFO] Finished 'run_cypher' with qry#3w in 0.4399 secs.
2021-08-02 09:25:05,990 [INFO] Finished 'run_cypher' with qry#3w in 0.4870 secs.
2021-08-02 09:25:06,461 [INFO] Finished 'run_cypher' with qry#3w in 0.4713 secs.
2021-08-02 09:25:07,118 [INFO] Finished 'run_cypher' with qry#3u in 0.6561 secs.
2021-08-02 09:25:07,574 [INFO] Finished 'run_cypher' with qry#3u in 0.4556 secs.
2021-08-02 09:25:08,032 [INFO] Finished 'run_cypher' with qry#3u in 0.4573 secs.
2021-08-02 09:25:08,666 [INFO] Finished 'run_cypher' with qry#3u in 0.6340 secs.
2021-08-02 09:25:09,317 [INFO] Finished 'run_cypher' with qry#3u in 0.6507 secs.
2021-08-02 09:25:09,943 [INFO] Finished 'run_cypher' with qry#3u in 0.6256 secs.
2021-08-02 09:25:10,561 [INFO] Finished 'run_cypher' with qry#3u in 0.6176 secs.
2021-08-02 09:25:11,005 [INFO] Finished 'run_cypher' with qry#3u in 0.4437 secs.
2021-08-02 09:25:11,444 [INFO] Finished 'run_cypher' with qry#3u in 0.4383 secs.
2021-08-02 09:25:11,884 [INFO] Finished 'run_cypher' with qry#3u in 0.4399 secs.
2021-08-02 09:25:12,718 [INFO] Finished 'run_cypher' with qry#123r in 0.8340 secs.
2021-08-02 09:25:13,518 [INFO] Finished 'run_cypher' with qry#123r in 0.7993 secs.
2021-08-02 09:25:13,968 [INFO] Finished 'run_cypher' with qry#123r in 0.4495 secs.
2021-08-02 09:25:14,617 [INFO] Finished 'run_cypher' with qry#123r in 0.6491 secs.
2021-08-02 09:25:15,071 [INFO] Finished 'run_cypher' with qry#123r in 0.4531 secs.
2021-08-02 09:25:15,526 [INFO] Finished 'run_cypher' with qry#123r in 0.4544 secs.
2021-08-02 09:25:15,974 [INFO] Finished 'run_cypher' with qry#123r in 0.4478 secs.
2021-08-02 09:25:16,419 [INFO] Finished 'run_cypher' with qry#123r in 0.4445 secs.
2021-08-02 09:25:17,058 [INFO] Finished 'run_cypher' with qry#123r in 0.6386 secs.
2021-08-02 09:25:17,728 [INFO] Finished 'run_cypher' with qry#123r in 0.6698 secs.
2021-08-02 09:25:18,464 [INFO] Finished 'run_cypher' with qry#123rv2 in 0.7359 secs.
2021-08-02 09:25:18,923 [INFO] Finished 'run_cypher' with qry#123rv2 in 0.4590 secs.
2021-08-02 09:25:19,550 [INFO] Finished 'run_cypher' with qry#123rv2 in 0.6266 secs.
2021-08-02 09:25:19,997 [INFO] Finished 'run_cypher' with qry#123rv2 in 0.4460 secs.
2021-08-02 09:25:20,640 [INFO] Finished 'run_cypher' with qry#123rv2 in 0.6431 secs.
2021-08-02 09:25:21,084 [INFO] Finished 'run_cypher' with qry#123rv2 in 0.4440 secs.
2021-08-02 09:25:21,714 [INFO] Finished 'run_cypher' with qry#123rv2 in 0.6292 secs.
2021-08-02 09:25:22,352 [INFO] Finished 'run_cypher' with qry#123rv2 in 0.6374 secs.
2021-08-02 09:25:22,821 [INFO] Finished 'run_cypher' with qry#123rv2 in 0.4685 secs.
2021-08-02 09:25:23,498 [INFO] Finished 'run_cypher' with qry#123rv2 in 0.6763 secs.
2021-08-02 09:25:23,558 [INFO] Finished 'main' with 'NO ARGS' in 65.1618 secs.
2021-08-02 09:31:53,936 [INFO] Running with parallel
2021-08-02 09:31:55,471 [INFO] Finished 'run_cypher' with qry#2r in 0.4965 secs.
2021-08-02 09:31:55,477 [INFO] Finished 'run_cypher' with qry#3w in 0.4893 secs.
2021-08-02 09:31:55,481 [INFO] Finished 'run_cypher' with qry#1u in 0.5114 secs.
2021-08-02 09:31:55,481 [INFO] Finished 'run_cypher' with qry#1w in 0.5125 secs.
2021-08-02 09:31:55,485 [INFO] Finished 'run_cypher' with qry#3r in 0.5036 secs.
2021-08-02 09:31:55,493 [INFO] Finished 'run_cypher' with qry#123r in 0.4797 secs.
2021-08-02 09:31:55,649 [INFO] Finished 'run_cypher' with qry#1r in 0.7009 secs.
2021-08-02 09:31:55,666 [INFO] Finished 'run_cypher' with qry#3u in 0.6651 secs.
2021-08-02 09:31:55,744 [INFO] Finished 'run_cypher' with qry#2u in 0.7656 secs.
2021-08-02 09:31:55,785 [INFO] Finished 'run_cypher' with qry#2w in 0.8071 secs.
2021-08-02 09:31:55,925 [INFO] Finished 'run_cypher' with qry#1u in 0.4426 secs.
2021-08-02 09:31:56,097 [INFO] Finished 'run_cypher' with qry#123rv2 in 0.6231 secs.
2021-08-02 09:31:56,102 [INFO] Finished 'run_cypher' with qry#1r in 0.6231 secs.
2021-08-02 09:31:56,128 [INFO] Finished 'run_cypher' with qry#1w in 0.6456 secs.
2021-08-02 09:31:56,128 [INFO] Finished 'run_cypher' with qry#2w in 0.6336 secs.
2021-08-02 09:31:56,128 [INFO] Finished 'run_cypher' with qry#2r in 0.6421 secs.
2021-08-02 09:31:56,190 [INFO] Finished 'run_cypher' with qry#3w in 0.4439 secs.
2021-08-02 09:31:56,226 [INFO] Finished 'run_cypher' with qry#3u in 0.4388 secs.
2021-08-02 09:31:56,278 [INFO] Finished 'run_cypher' with qry#2u in 0.6270 secs.
2021-08-02 09:31:56,282 [INFO] Finished 'run_cypher' with qry#3r in 0.6138 secs.
2021-08-02 09:31:56,565 [INFO] Finished 'run_cypher' with qry#1u in 0.4333 secs.
2021-08-02 09:31:56,565 [INFO] Finished 'run_cypher' with qry#123r in 0.6373 secs.
2021-08-02 09:31:56,569 [INFO] Finished 'run_cypher' with qry#2r in 0.4368 secs.
2021-08-02 09:31:56,575 [INFO] Finished 'run_cypher' with qry#1w in 0.4432 secs.
2021-08-02 09:31:56,649 [INFO] Finished 'run_cypher' with qry#2w in 0.4567 secs.
2021-08-02 09:31:56,725 [INFO] Finished 'run_cypher' with qry#123rv2 in 0.6272 secs.
2021-08-02 09:31:56,728 [INFO] Finished 'run_cypher' with qry#1r in 0.6257 secs.
2021-08-02 09:31:56,863 [INFO] Finished 'run_cypher' with qry#2u in 0.6346 secs.
2021-08-02 09:31:56,906 [INFO] Finished 'run_cypher' with qry#3r in 0.6258 secs.
2021-08-02 09:31:56,911 [INFO] Finished 'run_cypher' with qry#3w in 0.6272 secs.
2021-08-02 09:31:57,035 [INFO] Finished 'run_cypher' with qry#123rv2 in 0.4650 secs.
2021-08-02 09:31:57,036 [INFO] Finished 'run_cypher' with qry#1r in 0.4595 secs.
2021-08-02 09:31:57,185 [INFO] Finished 'run_cypher' with qry#2r in 0.4549 secs.
2021-08-02 09:31:57,224 [INFO] Finished 'run_cypher' with qry#3u in 0.6563 secs.
2021-08-02 09:31:57,255 [INFO] Finished 'run_cypher' with qry#123r in 0.6872 secs.
2021-08-02 09:31:57,284 [INFO] Finished 'run_cypher' with qry#1w in 0.6318 secs.
2021-08-02 09:31:57,345 [INFO] Finished 'run_cypher' with qry#1u in 0.6174 secs.
2021-08-02 09:31:57,490 [INFO] Finished 'run_cypher' with qry#3w in 0.4523 secs.
2021-08-02 09:31:57,496 [INFO] Finished 'run_cypher' with qry#2w in 0.6299 secs.
2021-08-02 09:31:57,561 [INFO] Finished 'run_cypher' with qry#3r in 0.6493 secs.
2021-08-02 09:31:57,571 [INFO] Finished 'run_cypher' with qry#2u in 0.6623 secs.
2021-08-02 09:31:57,636 [INFO] Finished 'run_cypher' with qry#123r in 0.4488 secs.
2021-08-02 09:31:57,690 [INFO] Finished 'run_cypher' with qry#3u in 0.6520 secs.
2021-08-02 09:31:57,820 [INFO] Finished 'run_cypher' with qry#1u in 0.4723 secs.
2021-08-02 09:31:57,878 [INFO] Finished 'run_cypher' with qry#123rv2 in 0.6518 secs.
2021-08-02 09:31:57,899 [INFO] Finished 'run_cypher' with qry#1r in 0.6408 secs.
2021-08-02 09:31:57,943 [INFO] Finished 'run_cypher' with qry#1w in 0.6564 secs.
2021-08-02 09:31:58,010 [INFO] Finished 'run_cypher' with qry#3r in 0.4376 secs.
2021-08-02 09:31:58,018 [INFO] Finished 'run_cypher' with qry#2u in 0.4550 secs.
2021-08-02 09:31:58,136 [INFO] Finished 'run_cypher' with qry#3u in 0.4429 secs.
2021-08-02 09:31:58,136 [INFO] Finished 'run_cypher' with qry#2w in 0.6388 secs.
2021-08-02 09:31:58,137 [INFO] Finished 'run_cypher' with qry#2r in 0.6439 secs.
2021-08-02 09:31:58,271 [INFO] Finished 'run_cypher' with qry#3w in 0.6330 secs.
2021-08-02 09:31:58,398 [INFO] Finished 'run_cypher' with qry#123rv2 in 0.5176 secs.
2021-08-02 09:31:58,459 [INFO] Finished 'run_cypher' with qry#123r in 0.6373 secs.
2021-08-02 09:31:58,513 [INFO] Finished 'run_cypher' with qry#1u in 0.5001 secs.
2021-08-02 09:31:58,538 [INFO] Finished 'run_cypher' with qry#1r in 0.6376 secs.
2021-08-02 09:31:58,568 [INFO] Finished 'run_cypher' with qry#1w in 0.6233 secs.
2021-08-02 09:31:58,629 [INFO] Finished 'run_cypher' with qry#3r in 0.4888 secs.
2021-08-02 09:31:58,640 [INFO] Finished 'run_cypher' with qry#2u in 0.4998 secs.
2021-08-02 09:31:58,691 [INFO] Finished 'run_cypher' with qry#2r in 0.6705 secs.
2021-08-02 09:31:58,709 [INFO] Finished 'run_cypher' with qry#3w in 0.4367 secs.
2021-08-02 09:31:58,839 [INFO] Finished 'run_cypher' with qry#2w in 0.6996 secs.
2021-08-02 09:31:58,917 [INFO] Finished 'run_cypher' with qry#123r in 0.4563 secs.
2021-08-02 09:31:58,960 [INFO] Finished 'run_cypher' with qry#123rv2 in 0.4447 secs.
2021-08-02 09:31:58,979 [INFO] Finished 'run_cypher' with qry#1r in 0.4394 secs.
2021-08-02 09:31:59,029 [INFO] Finished 'run_cypher' with qry#3u in 0.6296 secs.
2021-08-02 09:31:59,085 [INFO] Finished 'run_cypher' with qry#2r in 0.4435 secs.
2021-08-02 09:31:59,204 [INFO] Finished 'run_cypher' with qry#1w in 0.6339 secs.
2021-08-02 09:31:59,261 [INFO] Finished 'run_cypher' with qry#1u in 0.6302 secs.
2021-08-02 09:31:59,296 [INFO] Finished 'run_cypher' with qry#3r in 0.4548 secs.
2021-08-02 09:31:59,322 [INFO] Finished 'run_cypher' with qry#2w in 0.6293 secs.
2021-08-02 09:31:59,349 [INFO] Finished 'run_cypher' with qry#2u in 0.6386 secs.
2021-08-02 09:31:59,358 [INFO] Finished 'run_cypher' with qry#3w in 0.4393 secs.
2021-08-02 09:31:59,422 [INFO] Finished 'run_cypher' with qry#123r in 0.4411 secs.
2021-08-02 09:31:59,557 [INFO] Finished 'run_cypher' with qry#1r in 0.4700 secs.
2021-08-02 09:31:59,642 [INFO] Finished 'run_cypher' with qry#3u in 0.6794 secs.
2021-08-02 09:31:59,696 [INFO] Finished 'run_cypher' with qry#1u in 0.4328 secs.
2021-08-02 09:31:59,700 [INFO] Finished 'run_cypher' with qry#123rv2 in 0.6680 secs.
2021-08-02 09:31:59,756 [INFO] Finished 'run_cypher' with qry#2w in 0.4319 secs.
2021-08-02 09:31:59,756 [INFO] Finished 'run_cypher' with qry#2r in 0.4576 secs.
2021-08-02 09:31:59,817 [INFO] Finished 'run_cypher' with qry#1w in 0.6107 secs.
2021-08-02 09:32:00,009 [INFO] Finished 'run_cypher' with qry#2u in 0.6575 secs.
2021-08-02 09:32:00,013 [INFO] Finished 'run_cypher' with qry#3r in 0.6535 secs.
2021-08-02 09:32:00,107 [INFO] Finished 'run_cypher' with qry#123r in 0.4635 secs.
2021-08-02 09:32:00,147 [INFO] Finished 'run_cypher' with qry#123rv2 in 0.4498 secs.
2021-08-02 09:32:00,148 [INFO] Finished 'run_cypher' with qry#1r in 0.4468 secs.
2021-08-02 09:32:00,193 [INFO] Finished 'run_cypher' with qry#3u in 0.6328 secs.
2021-08-02 09:32:00,212 [INFO] Finished 'run_cypher' with qry#1u in 0.4535 secs.
2021-08-02 09:32:00,253 [INFO] Finished 'run_cypher' with qry#2r in 0.4336 secs.
2021-08-02 09:32:00,314 [INFO] Finished 'run_cypher' with qry#3w in 0.8903 secs.
2021-08-02 09:32:00,405 [INFO] Finished 'run_cypher' with qry#1w in 0.6467 secs.
2021-08-02 09:32:00,471 [INFO] Finished 'run_cypher' with qry#2u in 0.4564 secs.
2021-08-02 09:32:00,552 [INFO] Finished 'run_cypher' with qry#3r in 0.4438 secs.
2021-08-02 09:32:00,592 [INFO] Finished 'run_cypher' with qry#3u in 0.4422 secs.
2021-08-02 09:32:00,646 [INFO] Finished 'run_cypher' with qry#2w in 0.6349 secs.
2021-08-02 09:32:00,662 [INFO] Finished 'run_cypher' with qry#123rv2 in 0.4478 secs.
2021-08-02 09:32:00,685 [INFO] Finished 'run_cypher' with qry#123r in 0.4904 secs.
2021-08-02 09:32:00,693 [INFO] Finished 'run_cypher' with qry#1r in 0.4378 secs.
2021-08-02 09:32:00,776 [INFO] Finished 'run_cypher' with qry#3w in 0.6264 secs.
2021-08-02 09:32:00,933 [INFO] Finished 'run_cypher' with qry#1w in 0.6168 secs.
2021-08-02 09:32:01,012 [INFO] Finished 'run_cypher' with qry#2w in 0.4570 secs.
2021-08-02 09:32:01,045 [INFO] Finished 'run_cypher' with qry#1u in 0.6370 secs.
2021-08-02 09:32:01,104 [INFO] Finished 'run_cypher' with qry#2r in 0.6316 secs.
2021-08-02 09:32:01,129 [INFO] Finished 'run_cypher' with qry#3u in 0.4424 secs.
2021-08-02 09:32:01,177 [INFO] Finished 'run_cypher' with qry#123r in 0.4823 secs.
2021-08-02 09:32:01,225 [INFO] Finished 'run_cypher' with qry#2u in 0.6315 secs.
2021-08-02 09:32:01,265 [INFO] Finished 'run_cypher' with qry#3r in 0.6165 secs.
2021-08-02 09:32:01,288 [INFO] Finished 'run_cypher' with qry#3w in 0.6254 secs.
2021-08-02 09:32:01,457 [INFO] Finished 'run_cypher' with qry#123rv2 in 0.6789 secs.
2021-08-02 09:32:01,567 [INFO] Finished 'main' with 'NO ARGS' in 8.1688 secs.
2021-08-02 10:34:54,475 [INFO] Running with parallel
2021-08-02 10:34:55,933 [INFO] Finished 'run_cypher' with qry#1u in 0.5020 secs.
2021-08-02 10:34:55,938 [INFO] Finished 'run_cypher' with qry#3w in 0.4730 secs.
2021-08-02 10:34:55,940 [INFO] Finished 'run_cypher' with qry#3u in 0.4754 secs.
2021-08-02 10:34:55,981 [INFO] Finished 'run_cypher' with qry#2w in 0.5398 secs.
2021-08-02 10:34:55,981 [INFO] Finished 'run_cypher' with qry#2u in 0.5279 secs.
2021-08-02 10:34:56,005 [INFO] Finished 'run_cypher' with qry#1r in 0.5912 secs.
2021-08-02 10:34:56,116 [INFO] Finished 'run_cypher' with qry#1w in 0.6864 secs.
2021-08-02 10:34:56,121 [INFO] Finished 'run_cypher' with qry#2r in 0.6873 secs.
2021-08-02 10:34:56,130 [INFO] Finished 'run_cypher' with qry#3r in 0.6724 secs.
2021-08-02 10:34:56,356 [INFO] Finished 'run_cypher' with qry#123r in 0.8866 secs.
2021-08-02 10:34:56,405 [ERROR] No active exception to reraise
2021-08-02 10:34:56,406 [ERROR] No active exception to reraise
2021-08-02 10:34:56,431 [INFO] Finished 'run_cypher' with qry#1r in 0.4463 secs.
2021-08-02 10:34:56,437 [ERROR] No active exception to reraise
2021-08-02 10:34:56,457 [INFO] Finished 'run_cypher' with qry#1w in 0.4499 secs.
2021-08-02 10:34:56,525 [ERROR] {code: Neo.ClientError.Statement.SyntaxError} {message: Invalid input ';': expected "*", "DISTINCT" or an expression (line 5, column 11 (offset: 124))
"    return;"
           ^}
2021-08-02 10:34:56,530 [INFO] Finished 'run_cypher' with qry#3rb in 0.5456 secs.
2021-08-02 10:34:56,530 [INFO] Finished 'run_cypher' with qry#1rb in 0.5898 secs.
2021-08-02 10:37:56,702 [INFO] Running with sequential
2021-08-02 10:37:57,188 [INFO] Finished 'run_cypher' with qry#1r in 0.4858 secs.
2021-08-02 10:37:57,837 [INFO] Finished 'run_cypher' with qry#1r in 0.6488 secs.
2021-08-02 10:37:58,480 [INFO] Finished 'run_cypher' with qry#1r in 0.6424 secs.
2021-08-02 10:37:59,110 [INFO] Finished 'run_cypher' with qry#1r in 0.6299 secs.
2021-08-02 10:37:59,553 [INFO] Finished 'run_cypher' with qry#1r in 0.4428 secs.
2021-08-02 10:38:00,197 [INFO] Finished 'run_cypher' with qry#1r in 0.6429 secs.
2021-08-02 10:38:00,829 [INFO] Finished 'run_cypher' with qry#1r in 0.6319 secs.
2021-08-02 10:38:01,463 [INFO] Finished 'run_cypher' with qry#1r in 0.6336 secs.
2021-08-02 10:38:02,087 [INFO] Finished 'run_cypher' with qry#1r in 0.6241 secs.
2021-08-02 10:38:02,543 [INFO] Finished 'run_cypher' with qry#1r in 0.4551 secs.
2021-08-02 10:38:02,988 [INFO] Finished 'run_cypher' with qry#1w in 0.4451 secs.
2021-08-02 10:38:03,618 [INFO] Finished 'run_cypher' with qry#1w in 0.6294 secs.
2021-08-02 10:38:04,059 [INFO] Finished 'run_cypher' with qry#1w in 0.4409 secs.
2021-08-02 10:38:04,681 [INFO] Finished 'run_cypher' with qry#1w in 0.6213 secs.
2021-08-02 10:38:05,121 [INFO] Finished 'run_cypher' with qry#1w in 0.4398 secs.
2021-08-02 10:38:05,558 [INFO] Finished 'run_cypher' with qry#1w in 0.4366 secs.
2021-08-02 10:38:06,207 [INFO] Finished 'run_cypher' with qry#1w in 0.6481 secs.
2021-08-02 10:38:06,642 [INFO] Finished 'run_cypher' with qry#1w in 0.4352 secs.
2021-08-02 10:38:07,076 [INFO] Finished 'run_cypher' with qry#1w in 0.4334 secs.
2021-08-02 10:38:07,723 [INFO] Finished 'run_cypher' with qry#1w in 0.6467 secs.
2021-08-02 10:38:08,157 [INFO] Finished 'run_cypher' with qry#1u in 0.4343 secs.
2021-08-02 10:38:08,777 [INFO] Finished 'run_cypher' with qry#1u in 0.6187 secs.
2021-08-02 10:38:09,223 [INFO] Finished 'run_cypher' with qry#1u in 0.4461 secs.
2021-08-02 10:38:09,840 [INFO] Finished 'run_cypher' with qry#1u in 0.6167 secs.
2021-08-02 10:38:10,287 [INFO] Finished 'run_cypher' with qry#1u in 0.4471 secs.
2021-08-02 10:38:10,926 [INFO] Finished 'run_cypher' with qry#1u in 0.6380 secs.
2021-08-02 10:38:11,365 [INFO] Finished 'run_cypher' with qry#1u in 0.4390 secs.
2021-08-02 10:38:11,797 [INFO] Finished 'run_cypher' with qry#1u in 0.4313 secs.
2021-08-02 10:38:12,235 [INFO] Finished 'run_cypher' with qry#1u in 0.4378 secs.
2021-08-02 10:38:12,871 [INFO] Finished 'run_cypher' with qry#1u in 0.6356 secs.
2021-08-02 10:38:13,322 [INFO] Finished 'run_cypher' with qry#2r in 0.4505 secs.
2021-08-02 10:38:13,787 [INFO] Finished 'run_cypher' with qry#2r in 0.4651 secs.
2021-08-02 10:38:14,446 [INFO] Finished 'run_cypher' with qry#2r in 0.6581 secs.
2021-08-02 10:38:14,874 [INFO] Finished 'run_cypher' with qry#2r in 0.4284 secs.
2021-08-02 10:38:15,518 [INFO] Finished 'run_cypher' with qry#2r in 0.6435 secs.
2021-08-02 10:38:16,167 [INFO] Finished 'run_cypher' with qry#2r in 0.6484 secs.
2021-08-02 10:38:16,786 [INFO] Finished 'run_cypher' with qry#2r in 0.6186 secs.
2021-08-02 10:38:17,239 [INFO] Finished 'run_cypher' with qry#2r in 0.4530 secs.
2021-08-02 10:38:17,683 [INFO] Finished 'run_cypher' with qry#2r in 0.4430 secs.
2021-08-02 10:38:18,322 [INFO] Finished 'run_cypher' with qry#2r in 0.6385 secs.
2021-08-02 10:38:18,952 [INFO] Finished 'run_cypher' with qry#2w in 0.6297 secs.
2021-08-02 10:38:19,583 [INFO] Finished 'run_cypher' with qry#2w in 0.6305 secs.
2021-08-02 10:38:20,215 [INFO] Finished 'run_cypher' with qry#2w in 0.6317 secs.
2021-08-02 10:38:20,655 [INFO] Finished 'run_cypher' with qry#2w in 0.4405 secs.
2021-08-02 10:38:21,285 [INFO] Finished 'run_cypher' with qry#2w in 0.6288 secs.
2021-08-02 10:38:21,741 [INFO] Finished 'run_cypher' with qry#2w in 0.4557 secs.
2021-08-02 10:38:22,374 [INFO] Finished 'run_cypher' with qry#2w in 0.6331 secs.
2021-08-02 10:38:23,000 [INFO] Finished 'run_cypher' with qry#2w in 0.6256 secs.
2021-08-02 10:38:23,633 [INFO] Finished 'run_cypher' with qry#2w in 0.6325 secs.
2021-08-02 10:38:24,084 [INFO] Finished 'run_cypher' with qry#2w in 0.4503 secs.
2021-08-02 10:38:24,711 [INFO] Finished 'run_cypher' with qry#2u in 0.6272 secs.
2021-08-02 10:38:25,347 [INFO] Finished 'run_cypher' with qry#2u in 0.6351 secs.
2021-08-02 10:38:25,792 [INFO] Finished 'run_cypher' with qry#2u in 0.4445 secs.
2021-08-02 10:38:26,258 [INFO] Finished 'run_cypher' with qry#2u in 0.4664 secs.
2021-08-02 10:38:26,886 [INFO] Finished 'run_cypher' with qry#2u in 0.6272 secs.
2021-08-02 10:38:27,517 [INFO] Finished 'run_cypher' with qry#2u in 0.6303 secs.
2021-08-02 10:38:27,968 [INFO] Finished 'run_cypher' with qry#2u in 0.4507 secs.
2021-08-02 10:38:28,408 [INFO] Finished 'run_cypher' with qry#2u in 0.4392 secs.
2021-08-02 10:38:29,064 [INFO] Finished 'run_cypher' with qry#2u in 0.6561 secs.
2021-08-02 10:38:29,716 [INFO] Finished 'run_cypher' with qry#2u in 0.6517 secs.
2021-08-02 10:38:30,364 [INFO] Finished 'run_cypher' with qry#3r in 0.6480 secs.
2021-08-02 10:38:31,008 [INFO] Finished 'run_cypher' with qry#3r in 0.6438 secs.
2021-08-02 10:38:31,448 [INFO] Finished 'run_cypher' with qry#3r in 0.4394 secs.
2021-08-02 10:38:31,932 [INFO] Finished 'run_cypher' with qry#3r in 0.4837 secs.
2021-08-02 10:38:32,384 [INFO] Finished 'run_cypher' with qry#3r in 0.4516 secs.
2021-08-02 10:38:33,013 [INFO] Finished 'run_cypher' with qry#3r in 0.6287 secs.
2021-08-02 10:38:33,642 [INFO] Finished 'run_cypher' with qry#3r in 0.6282 secs.
2021-08-02 10:38:34,094 [INFO] Finished 'run_cypher' with qry#3r in 0.4522 secs.
2021-08-02 10:38:34,538 [INFO] Finished 'run_cypher' with qry#3r in 0.4430 secs.
2021-08-02 10:38:34,988 [INFO] Finished 'run_cypher' with qry#3r in 0.4502 secs.
2021-08-02 10:38:35,439 [INFO] Finished 'run_cypher' with qry#3w in 0.4501 secs.
2021-08-02 10:38:35,897 [INFO] Finished 'run_cypher' with qry#3w in 0.4573 secs.
2021-08-02 10:38:36,339 [INFO] Finished 'run_cypher' with qry#3w in 0.4421 secs.
2021-08-02 10:38:36,966 [INFO] Finished 'run_cypher' with qry#3w in 0.6263 secs.
2021-08-02 10:38:37,402 [INFO] Finished 'run_cypher' with qry#3w in 0.4357 secs.
2021-08-02 10:38:37,854 [INFO] Finished 'run_cypher' with qry#3w in 0.4509 secs.
2021-08-02 10:38:38,502 [INFO] Finished 'run_cypher' with qry#3w in 0.6478 secs.
2021-08-02 10:38:39,123 [INFO] Finished 'run_cypher' with qry#3w in 0.6205 secs.
2021-08-02 10:38:39,758 [INFO] Finished 'run_cypher' with qry#3w in 0.6352 secs.
2021-08-02 10:38:40,392 [INFO] Finished 'run_cypher' with qry#3w in 0.6332 secs.
2021-08-02 10:38:41,018 [INFO] Finished 'run_cypher' with qry#3u in 0.6251 secs.
2021-08-02 10:38:41,647 [INFO] Finished 'run_cypher' with qry#3u in 0.6294 secs.
2021-08-02 10:38:42,086 [INFO] Finished 'run_cypher' with qry#3u in 0.4380 secs.
2021-08-02 10:38:42,726 [INFO] Finished 'run_cypher' with qry#3u in 0.6403 secs.
2021-08-02 10:38:43,354 [INFO] Finished 'run_cypher' with qry#3u in 0.6276 secs.
2021-08-02 10:38:43,803 [INFO] Finished 'run_cypher' with qry#3u in 0.4481 secs.
2021-08-02 10:38:44,421 [INFO] Finished 'run_cypher' with qry#3u in 0.6184 secs.
2021-08-02 10:38:45,040 [INFO] Finished 'run_cypher' with qry#3u in 0.6184 secs.
2021-08-02 10:38:45,494 [INFO] Finished 'run_cypher' with qry#3u in 0.4533 secs.
2021-08-02 10:38:46,120 [INFO] Finished 'run_cypher' with qry#3u in 0.6265 secs.
2021-08-02 10:38:46,755 [INFO] Finished 'run_cypher' with qry#123r in 0.6340 secs.
2021-08-02 10:38:47,387 [INFO] Finished 'run_cypher' with qry#123r in 0.6317 secs.
2021-08-02 10:38:47,828 [INFO] Finished 'run_cypher' with qry#123r in 0.4405 secs.
2021-08-02 10:38:48,444 [INFO] Finished 'run_cypher' with qry#123r in 0.6163 secs.
2021-08-02 10:38:48,888 [INFO] Finished 'run_cypher' with qry#123r in 0.4430 secs.
2021-08-02 10:38:49,332 [INFO] Finished 'run_cypher' with qry#123r in 0.4446 secs.
2021-08-02 10:38:49,797 [INFO] Finished 'run_cypher' with qry#123r in 0.4639 secs.
2021-08-02 10:38:50,421 [INFO] Finished 'run_cypher' with qry#123r in 0.6242 secs.
2021-08-02 10:38:50,863 [INFO] Finished 'run_cypher' with qry#123r in 0.4409 secs.
2021-08-02 10:38:51,507 [INFO] Finished 'run_cypher' with qry#123r in 0.6442 secs.
2021-08-02 10:38:51,884 [ERROR] {code: Neo.ClientError.Statement.SyntaxError} {message: Invalid input ';': expected "*", "DISTINCT" or an expression (line 5, column 11 (offset: 124))
"    return;"
           ^}
2021-08-02 10:41:17,484 [INFO] Running with sequential
2021-08-02 10:41:18,158 [INFO] Finished 'run_cypher' with qry#1r in 0.6738 secs.
2021-08-02 10:41:18,620 [INFO] Finished 'run_cypher' with qry#1w in 0.4610 secs.
2021-08-02 10:41:19,255 [INFO] Finished 'run_cypher' with qry#1u in 0.6350 secs.
2021-08-02 10:41:19,913 [INFO] Finished 'run_cypher' with qry#2r in 0.6576 secs.
2021-08-02 10:41:20,549 [INFO] Finished 'run_cypher' with qry#2w in 0.6350 secs.
2021-08-02 10:41:21,003 [INFO] Finished 'run_cypher' with qry#2u in 0.4536 secs.
2021-08-02 10:41:21,451 [INFO] Finished 'run_cypher' with qry#3r in 0.4475 secs.
2021-08-02 10:41:21,889 [INFO] Finished 'run_cypher' with qry#3w in 0.4384 secs.
2021-08-02 10:41:22,325 [INFO] Finished 'run_cypher' with qry#3u in 0.4354 secs.
2021-08-02 10:41:22,978 [INFO] Finished 'run_cypher' with qry#123r in 0.6524 secs.
2021-08-02 10:41:23,564 [ERROR] {code: Neo.ClientError.Statement.SyntaxError} {message: Invalid input ';': expected "*", "DISTINCT" or an expression (line 6, column 12 (offset: 131))
"    RETURN ;"
            ^}
2021-08-02 10:41:54,905 [INFO] Running with sequential
2021-08-02 10:41:55,391 [INFO] Finished 'run_cypher' with qry#1r in 0.4856 secs.
2021-08-02 10:41:55,827 [INFO] Finished 'run_cypher' with qry#1w in 0.4358 secs.
2021-08-02 10:41:56,277 [INFO] Finished 'run_cypher' with qry#1u in 0.4494 secs.
2021-08-02 10:41:56,706 [INFO] Finished 'run_cypher' with qry#2r in 0.4292 secs.
2021-08-02 10:41:57,153 [INFO] Finished 'run_cypher' with qry#2w in 0.4466 secs.
2021-08-02 10:41:57,593 [INFO] Finished 'run_cypher' with qry#2u in 0.4394 secs.
2021-08-02 10:41:58,032 [INFO] Finished 'run_cypher' with qry#3r in 0.4386 secs.
2021-08-02 10:41:58,656 [INFO] Finished 'run_cypher' with qry#3w in 0.6231 secs.
2021-08-02 10:41:59,094 [INFO] Finished 'run_cypher' with qry#3u in 0.4381 secs.
2021-08-02 10:41:59,726 [INFO] Finished 'run_cypher' with qry#123r in 0.6311 secs.
2021-08-02 10:42:00,197 [INFO] Finished 'run_cypher' with qry#123rv2 in 0.4713 secs.
2021-08-02 10:42:00,512 [ERROR] No active exception to reraise
2021-08-02 10:42:00,636 [INFO] Finished 'run_cypher' with qry#1rb in 0.4378 secs.
2021-08-02 10:42:01,205 [ERROR] No active exception to reraise
2021-08-02 10:42:01,356 [INFO] Finished 'run_cypher' with qry#2rb in 0.7199 secs.
2021-08-02 10:42:01,726 [ERROR] No active exception to reraise
2021-08-02 10:42:01,854 [INFO] Finished 'run_cypher' with qry#3rb in 0.4977 secs.
2021-08-02 10:42:01,940 [INFO] Finished 'main' with 'NO ARGS' in 7.4722 secs.
2021-08-02 13:57:18,598 [INFO] Running with sequential
2021-08-02 13:57:19,361 [INFO] Finished 'run_cypher' with qry#1r in 0.7576 secs.
2021-08-02 13:57:20,249 [INFO] Finished 'run_cypher' with qry#1w in 0.8874 secs.
2021-08-02 13:57:20,699 [INFO] Finished 'run_cypher' with qry#1u in 0.4494 secs.
2021-08-02 13:57:21,326 [INFO] Finished 'run_cypher' with qry#2r in 0.6275 secs.
2021-08-02 13:57:21,966 [INFO] Finished 'run_cypher' with qry#2w in 0.6391 secs.
2021-08-02 13:57:22,584 [INFO] Finished 'run_cypher' with qry#2u in 0.6174 secs.
2021-08-02 13:57:23,038 [INFO] Finished 'run_cypher' with qry#3r in 0.4537 secs.
2021-08-02 13:57:23,689 [INFO] Finished 'run_cypher' with qry#3w in 0.6511 secs.
2021-08-02 13:57:24,120 [INFO] Finished 'run_cypher' with qry#3u in 0.4303 secs.
2021-08-02 13:57:24,756 [INFO] Finished 'run_cypher' with qry#123r in 0.6355 secs.
2021-08-02 13:57:25,428 [INFO] Finished 'run_cypher' with qry#123rv2 in 0.6719 secs.
2021-08-02 13:57:25,990 [ERROR] No active exception to reraise
2021-08-02 13:57:26,110 [INFO] Finished 'run_cypher' with qry#1rb in 0.6702 secs.
2021-08-02 13:57:26,647 [ERROR] No active exception to reraise
2021-08-02 13:57:26,776 [INFO] Finished 'run_cypher' with qry#2rb in 0.6653 secs.
2021-08-02 13:57:27,304 [ERROR] No active exception to reraise
2021-08-02 13:57:27,425 [INFO] Finished 'run_cypher' with qry#3rb in 0.6490 secs.
2021-08-02 13:57:27,487 [INFO] Finished 'main' with 'NO ARGS' in 9.3466 secs.
2021-08-02 14:03:05,841 [INFO] Running with sequential
2021-08-02 14:03:06,534 [INFO] Finished 'run_cypher' with legand in 0.6919 secs.
2021-08-02 14:03:07,152 [INFO] Finished 'run_cypher' with legand in 0.6185 secs.
2021-08-02 14:03:07,783 [INFO] Finished 'run_cypher' with legand in 0.6298 secs.
2021-08-02 14:03:08,246 [INFO] Finished 'run_cypher' with legand in 0.4634 secs.
2021-08-02 14:03:08,694 [INFO] Finished 'run_cypher' with legand in 0.4467 secs.
2021-08-02 14:03:09,353 [INFO] Finished 'run_cypher' with legand in 0.6591 secs.
2021-08-02 14:03:09,800 [INFO] Finished 'run_cypher' with legand in 0.4465 secs.
2021-08-02 14:03:10,239 [INFO] Finished 'run_cypher' with legand in 0.4384 secs.
2021-08-02 14:03:10,876 [INFO] Finished 'run_cypher' with legand in 0.6366 secs.
2021-08-02 14:03:11,335 [INFO] Finished 'run_cypher' with legand in 0.4593 secs.
2021-08-02 14:03:11,972 [INFO] Finished 'run_cypher' with legand in 0.6362 secs.
2021-08-02 14:03:12,286 [ERROR] No active exception to reraise
2021-08-02 14:03:12,409 [INFO] Finished 'run_cypher' with legand in 0.4370 secs.
2021-08-02 14:03:12,733 [ERROR] No active exception to reraise
2021-08-02 14:03:12,854 [INFO] Finished 'run_cypher' with legand in 0.4439 secs.
2021-08-02 14:03:13,180 [ERROR] No active exception to reraise
2021-08-02 14:03:13,302 [INFO] Finished 'run_cypher' with legand in 0.4482 secs.
2021-08-02 14:03:13,366 [INFO] Finished 'main' with 'NO ARGS' in 8.0465 secs.
2021-08-02 14:05:37,498 [INFO] Running with sequential
2021-08-02 14:05:38,177 [INFO] Finished 'run_cypher' with qry#1r in 0.6793 secs.
2021-08-02 14:05:38,638 [INFO] Finished 'run_cypher' with qry#1w in 0.4600 secs.
2021-08-02 14:05:39,272 [INFO] Finished 'run_cypher' with qry#1u in 0.6337 secs.
2021-08-02 14:05:39,711 [INFO] Finished 'run_cypher' with qry#2r in 0.4388 secs.
2021-08-02 14:05:40,163 [INFO] Finished 'run_cypher' with qry#2w in 0.4514 secs.
2021-08-02 14:05:40,822 [INFO] Finished 'run_cypher' with qry#2u in 0.6589 secs.
2021-08-02 14:05:41,466 [INFO] Finished 'run_cypher' with qry#3r in 0.6433 secs.
2021-08-02 14:05:41,939 [INFO] Finished 'run_cypher' with qry#3w in 0.4730 secs.
2021-08-02 14:05:42,613 [INFO] Finished 'run_cypher' with qry#3u in 0.6733 secs.
2021-08-02 14:05:43,247 [INFO] Finished 'run_cypher' with qry#123r in 0.6340 secs.
2021-08-02 14:05:43,914 [INFO] Finished 'run_cypher' with qry#123rv2 in 0.6661 secs.
2021-08-02 14:05:44,434 [ERROR] No active exception to reraise
2021-08-02 14:05:44,559 [INFO] Finished 'run_cypher' with qry#1rb in 0.6453 secs.
2021-08-02 14:05:44,875 [ERROR] No active exception to reraise
2021-08-02 14:05:44,996 [INFO] Finished 'run_cypher' with qry#2rb in 0.4369 secs.
2021-08-02 14:05:45,326 [ERROR] No active exception to reraise
2021-08-02 14:05:45,451 [INFO] Finished 'run_cypher' with qry#3rb in 0.4541 secs.
2021-08-02 14:05:45,511 [INFO] Finished 'main' with 'NO ARGS' in 8.4684 secs.
2021-08-02 14:07:02,723 [INFO] Running with sequential
2021-08-02 14:07:03,378 [INFO] Finished 'run_cypher' with qry#1r in 0.6548 secs.
2021-08-02 14:07:04,011 [INFO] Finished 'run_cypher' with qry#1w in 0.6257 secs.
2021-08-02 14:07:04,465 [INFO] Finished 'run_cypher' with qry#1u in 0.4474 secs.
2021-08-02 14:07:05,443 [INFO] Finished 'run_cypher' with qry#2r in 0.9740 secs.
2021-08-02 14:07:06,092 [INFO] Finished 'run_cypher' with qry#2w in 0.6432 secs.
2021-08-02 14:07:06,727 [INFO] Finished 'run_cypher' with qry#2u in 0.6297 secs.
2021-08-02 14:07:07,174 [INFO] Finished 'run_cypher' with qry#3r in 0.4419 secs.
2021-08-02 14:07:07,811 [INFO] Finished 'run_cypher' with qry#3w in 0.6335 secs.
2021-08-02 14:07:08,455 [INFO] Finished 'run_cypher' with qry#3u in 0.6382 secs.
2021-08-02 14:07:09,097 [INFO] Finished 'run_cypher' with qry#123r in 0.6377 secs.
2021-08-02 14:07:09,545 [INFO] Finished 'run_cypher' with qry#123rv2 in 0.4429 secs.
2021-08-02 14:07:10,050 [ERROR] No active exception to reraise
2021-08-02 14:07:10,170 [INFO] Finished 'run_cypher' with qry#1rb in 0.6206 secs.
2021-08-02 14:07:10,733 [ERROR] No active exception to reraise
2021-08-02 14:07:10,858 [INFO] Finished 'run_cypher' with qry#2rb in 0.6830 secs.
2021-08-02 14:07:11,366 [ERROR] No active exception to reraise
2021-08-02 14:07:11,490 [INFO] Finished 'run_cypher' with qry#3rb in 0.6276 secs.
2021-08-02 14:07:11,558 [INFO] Finished 'main' with 'NO ARGS' in 9.3814 secs.
2021-08-02 14:07:47,233 [INFO] Running with parallel
2021-08-02 14:07:48,729 [INFO] Finished 'run_cypher' with qry#3w in 0.4805 secs.
2021-08-02 14:07:48,745 [INFO] Finished 'run_cypher' with qry#3r in 0.5031 secs.
2021-08-02 14:07:48,772 [INFO] Finished 'run_cypher' with qry#2w in 0.5292 secs.
2021-08-02 14:07:48,772 [INFO] Finished 'run_cypher' with qry#1r in 0.5363 secs.
2021-08-02 14:07:48,772 [INFO] Finished 'run_cypher' with qry#2u in 0.5297 secs.
2021-08-02 14:07:48,911 [INFO] Finished 'run_cypher' with qry#1w in 0.6748 secs.
2021-08-02 14:07:48,915 [INFO] Finished 'run_cypher' with qry#3u in 0.6649 secs.
2021-08-02 14:07:48,916 [INFO] Finished 'run_cypher' with qry#2r in 0.6793 secs.
2021-08-02 14:07:48,926 [INFO] Finished 'run_cypher' with qry#1u in 0.6886 secs.
2021-08-02 14:07:48,942 [INFO] Finished 'run_cypher' with qry#123r in 0.6878 secs.
2021-08-02 14:07:49,060 [ERROR] No active exception to reraise
2021-08-02 14:07:49,123 [ERROR] No active exception to reraise
2021-08-02 14:07:49,130 [ERROR] No active exception to reraise
2021-08-02 14:07:49,180 [INFO] Finished 'run_cypher' with qry#1rb in 0.4287 secs.
2021-08-02 14:07:49,188 [INFO] Finished 'run_cypher' with qry#123rv2 in 0.4498 secs.
2021-08-02 14:07:49,246 [INFO] Finished 'run_cypher' with qry#3rb in 0.4661 secs.
2021-08-02 14:07:49,247 [INFO] Finished 'run_cypher' with qry#2rb in 0.4672 secs.
2021-08-02 14:07:49,378 [INFO] Finished 'main' with 'NO ARGS' in 2.6901 secs.
2021-08-02 14:19:53,324 [INFO] Running with parallel
2021-08-02 14:19:54,820 [INFO] Finished 'run_cypher' with qry#1w in 0.5025 secs.
2021-08-02 14:19:54,820 [INFO] Finished 'run_cypher' with qry#1r in 0.5098 secs.
2021-08-02 14:19:54,820 [INFO] Finished 'run_cypher' with qry#2w in 0.4794 secs.
2021-08-02 14:19:54,832 [INFO] Finished 'run_cypher' with qry#3r in 0.4872 secs.
2021-08-02 14:19:54,832 [INFO] Finished 'run_cypher' with qry#3u in 0.4709 secs.
2021-08-02 14:19:54,837 [INFO] Finished 'run_cypher' with qry#3w in 0.4831 secs.
2021-08-02 14:19:55,007 [INFO] Finished 'run_cypher' with qry#2r in 0.6828 secs.
2021-08-02 14:19:55,007 [INFO] Finished 'run_cypher' with qry#1u in 0.6920 secs.
2021-08-02 14:19:55,023 [INFO] Finished 'run_cypher' with qry#2u in 0.6801 secs.
2021-08-02 14:19:55,024 [INFO] Finished 'run_cypher' with qry#123r in 0.6581 secs.
2021-08-02 14:19:55,152 [ERROR] __init__() missing 1 required positional argument: 'temp'
2021-08-02 14:19:55,154 [ERROR] __init__() missing 1 required positional argument: 'temp'
2021-08-02 14:19:55,268 [INFO] Finished 'run_cypher' with qry#3rb in 0.4272 secs.
2021-08-02 14:19:55,276 [INFO] Finished 'run_cypher' with qry#1rb in 0.4468 secs.
2021-08-02 14:19:55,280 [INFO] Finished 'run_cypher' with qry#123rv2 in 0.4508 secs.
2021-08-02 14:19:55,332 [ERROR] __init__() missing 1 required positional argument: 'temp'
2021-08-02 14:19:55,455 [INFO] Finished 'run_cypher' with qry#2rb in 0.6252 secs.
2021-08-02 14:19:55,572 [INFO] Finished 'main' with 'NO ARGS' in 2.7810 secs.
2021-08-02 14:20:18,212 [INFO] Running with parallel
2021-08-02 14:20:19,512 [INFO] Finished 'run_cypher' with qry#2r in 0.4721 secs.
2021-08-02 14:20:19,512 [INFO] Finished 'run_cypher' with qry#1u in 0.4715 secs.
2021-08-02 14:20:19,522 [INFO] Finished 'run_cypher' with qry#2u in 0.4720 secs.
2021-08-02 14:20:19,523 [INFO] Finished 'run_cypher' with qry#1r in 0.4835 secs.
2021-08-02 14:20:19,542 [INFO] Finished 'run_cypher' with qry#123r in 0.4702 secs.
2021-08-02 14:20:19,698 [INFO] Finished 'run_cypher' with qry#1w in 0.6593 secs.
2021-08-02 14:20:19,711 [INFO] Finished 'run_cypher' with qry#3r in 0.6598 secs.
2021-08-02 14:20:19,718 [INFO] Finished 'run_cypher' with qry#3w in 0.6637 secs.
2021-08-02 14:20:19,718 [INFO] Finished 'run_cypher' with qry#2w in 0.6716 secs.
2021-08-02 14:20:19,718 [INFO] Finished 'run_cypher' with qry#3u in 0.6544 secs.
2021-08-02 14:20:19,861 [ERROR] Intentional exception to create scenario for Rollback
2021-08-02 14:20:19,983 [INFO] Finished 'run_cypher' with qry#2rb in 0.4522 secs.
2021-08-02 14:20:20,042 [ERROR] Intentional exception to create scenario for Rollback
2021-08-02 14:20:20,047 [ERROR] Intentional exception to create scenario for Rollback
2021-08-02 14:20:20,163 [INFO] Finished 'run_cypher' with qry#1rb in 0.6412 secs.
2021-08-02 14:20:20,168 [INFO] Finished 'run_cypher' with qry#3rb in 0.6365 secs.
2021-08-02 14:20:20,174 [INFO] Finished 'run_cypher' with qry#123rv2 in 0.6526 secs.
2021-08-02 14:20:20,276 [INFO] Finished 'main' with 'NO ARGS' in 2.5596 secs.
2021-08-02 14:21:42,493 [INFO] Running with parallel
2021-08-02 14:21:43,933 [ERROR] Intentional exception to create scenario for Rollback
2021-08-02 14:21:43,949 [ERROR] Intentional exception to create scenario for Rollback
2021-08-02 14:21:43,977 [ERROR] Intentional exception to create scenario for Rollback
2021-08-02 14:21:44,051 [INFO] Finished 'run_cypher' with qry#1rb in 0.6549 secs.
2021-08-02 14:21:44,058 [INFO] Finished 'run_cypher' with qry#123rv2 in 0.6712 secs.
2021-08-02 14:21:44,062 [INFO] Finished 'run_cypher' with qry#3rb in 0.6589 secs.
2021-08-02 14:21:44,099 [INFO] Finished 'run_cypher' with qry#2rb in 0.6964 secs.
2021-08-02 14:21:44,218 [INFO] Finished 'main' with 'NO ARGS' in 2.2455 secs.
2021-08-02 14:22:57,144 [INFO] Running with parallel
2021-08-02 14:22:58,354 [ERROR] Intentional exception to create scenario for Rollback
2021-08-02 14:22:58,357 [ERROR] Intentional exception to create scenario for Rollback
2021-08-02 14:22:58,471 [INFO] Finished 'run_cypher' with qry#3rb in 0.4996 secs.
2021-08-02 14:22:58,476 [INFO] Finished 'run_cypher' with qry#1rb in 0.5165 secs.
2021-08-02 14:22:58,542 [ERROR] Intentional exception to create scenario for Rollback
2021-08-02 14:22:58,633 [INFO] Finished 'run_cypher' with qry#123rv2 in 0.6767 secs.
2021-08-02 14:22:58,655 [INFO] Finished 'run_cypher' with qry#2rb in 0.6903 secs.
2021-08-02 14:22:58,752 [INFO] Finished 'main' with 'NO ARGS' in 2.0929 secs.
2021-08-02 14:24:52,457 [INFO] Running with parallel
2021-08-02 14:24:53,771 [INFO] Finished 'run_cypher' with qry#123rv2 in 0.5078 secs.
2021-08-02 14:24:53,793 [ERROR] Intentional exception to create scenario for Rollback
2021-08-02 14:24:53,917 [INFO] Finished 'run_cypher' with qry#3rb in 0.6286 secs.
2021-08-02 14:24:53,917 [ERROR] Intentional exception to create scenario for Rollback
2021-08-02 14:24:54,044 [INFO] Finished 'run_cypher' with qry#1rb in 0.7770 secs.
2021-08-02 14:24:54,924 [ERROR] Intentional exception to create scenario for Rollback
2021-08-02 14:24:55,052 [INFO] Finished 'run_cypher' with qry#2rb in 1.7649 secs.
2021-08-02 14:24:55,167 [INFO] Finished 'main' with 'NO ARGS' in 3.1831 secs.
2021-08-02 14:31:13,028 [INFO] Running with parallel
2021-08-02 14:31:14,427 [ERROR] Intentional exception to create scenario for Rollback
2021-08-02 14:31:14,527 [ERROR] Intentional exception to create scenario for Rollback
2021-08-02 14:31:14,547 [INFO] Finished 'run_cypher' with qry#3rb in 0.5648 secs.
2021-08-02 14:31:14,643 [INFO] Finished 'run_cypher' with qry#1rb in 0.6764 secs.
2021-08-02 14:31:14,643 [INFO] Finished 'run_cypher' with qry#123rv2 in 0.6917 secs.
2021-08-02 14:31:14,664 [ERROR] Intentional exception to create scenario for Rollback
2021-08-02 14:31:14,789 [INFO] Finished 'run_cypher' with qry#2rb in 0.8079 secs.
2021-08-02 14:31:14,911 [INFO] Finished 'main' with 'NO ARGS' in 2.3862 secs.
2021-08-02 14:31:39,372 [INFO] Running with parallel
2021-08-02 14:31:40,554 [ERROR] Intentional exception to create scenario for Rollback
2021-08-02 14:31:40,668 [INFO] Finished 'run_cypher' with qry#3rb in 0.4428 secs.
2021-08-02 14:31:40,731 [ERROR] Intentional exception to create scenario for Rollback
2021-08-02 14:31:40,734 [ERROR] Intentional exception to create scenario for Rollback
2021-08-02 14:31:40,850 [INFO] Finished 'run_cypher' with qry#123rv2 in 0.6581 secs.
2021-08-02 14:31:40,853 [INFO] Finished 'run_cypher' with qry#2rb in 0.6492 secs.
2021-08-02 14:31:40,853 [INFO] Finished 'run_cypher' with qry#1rb in 0.6503 secs.
2021-08-02 14:31:40,954 [INFO] Finished 'main' with 'NO ARGS' in 2.0744 secs.
